#
# There is insufficient memory for the Java Runtime Environment to continue.
# Native memory allocation (malloc) failed to allocate 32744 bytes for ChunkPool::allocate
# Possible reasons:
#   The system is out of physical RAM or swap space
#   In 32 bit mode, the process size limit was hit
# Possible solutions:
#   Reduce memory load on the system
#   Increase physical memory or swap space
#   Check if swap backing store is full
#   Use 64 bit Java on a 64 bit OS
#   Decrease Java heap size (-Xmx/-Xms)
#   Decrease number of Java threads
#   Decrease Java thread stack sizes (-Xss)
#   Set larger code cache with -XX:ReservedCodeCacheSize=
# This output file may be truncated or incomplete.
#
#  Out of Memory Error (allocation.cpp:273), pid=8072, tid=14636
#
# JRE version: Java(TM) SE Runtime Environment (8.0_25-b18) (build 1.8.0_25-b18)
# Java VM: Java HotSpot(TM) 64-Bit Server VM (25.25-b02 mixed mode windows-amd64 compressed oops)
# Failed to write core dump. Minidumps are not enabled by default on client versions of Windows
#

---------------  T H R E A D  ---------------

Current thread (0x0000000016078800):  JavaThread "C1 CompilerThread2" daemon [_thread_in_native, id=14636, stack(0x0000000016470000,0x0000000016570000)]

Stack: [0x0000000016470000,0x0000000016570000]
Native frames: (J=compiled Java code, j=interpreted, Vv=VM code, C=native code)
V  [jvm.dll+0x31667a]
V  [jvm.dll+0x267073]
V  [jvm.dll+0x267cb3]
V  [jvm.dll+0x25f5b5]
V  [jvm.dll+0xbeec1]
V  [jvm.dll+0xbf60c]
V  [jvm.dll+0x3ee022]
V  [jvm.dll+0x42121d]
V  [jvm.dll+0x416290]
V  [jvm.dll+0x400520]
V  [jvm.dll+0x3ed21d]
V  [jvm.dll+0x3ed690]
V  [jvm.dll+0x3ed7c2]
V  [jvm.dll+0x3ed98e]
V  [jvm.dll+0x3edb8f]
V  [jvm.dll+0x98a02]
V  [jvm.dll+0x991f3]
V  [jvm.dll+0x22bde4]
V  [jvm.dll+0x2852fa]
C  [msvcr100.dll+0x21d9f]
C  [msvcr100.dll+0x21e3b]
C  [KERNEL32.DLL+0x18102]
C  [ntdll.dll+0x5c5b4]


Current CompileTask:
C1:  16871  286   !   3       com.android.dx.cf.code.BytecodeArray::parseInstruction (2764 bytes)


---------------  P R O C E S S  ---------------

Java Threads: ( => current thread )
  0x00000000162e7800 JavaThread "pool-2-thread-4" [_thread_in_Java, id=9476, stack(0x0000000016c70000,0x0000000016d70000)]
  0x00000000161c8800 JavaThread "pool-2-thread-3" [_thread_blocked, id=1440, stack(0x0000000016b70000,0x0000000016c70000)]
  0x00000000161bc000 JavaThread "pool-2-thread-2" [_thread_in_vm, id=892, stack(0x0000000016a70000,0x0000000016b70000)]
  0x00000000161b3800 JavaThread "pool-3-thread-1" [_thread_blocked, id=6372, stack(0x0000000016870000,0x0000000016970000)]
  0x00000000161b3000 JavaThread "pool-2-thread-1" [_thread_blocked, id=5060, stack(0x0000000016770000,0x0000000016870000)]
  0x000000001496d000 JavaThread "Service Thread" daemon [_thread_blocked, id=10600, stack(0x0000000016570000,0x0000000016670000)]
=>0x0000000016078800 JavaThread "C1 CompilerThread2" daemon [_thread_in_native, id=14636, stack(0x0000000016470000,0x0000000016570000)]
  0x000000001490f000 JavaThread "C2 CompilerThread1" daemon [_thread_blocked, id=4960, stack(0x0000000015f70000,0x0000000016070000)]
  0x000000001490c800 JavaThread "C2 CompilerThread0" daemon [_thread_blocked, id=6276, stack(0x0000000015e70000,0x0000000015f70000)]
  0x000000001490a800 JavaThread "Attach Listener" daemon [_thread_blocked, id=14280, stack(0x0000000015d70000,0x0000000015e70000)]
  0x0000000014909000 JavaThread "Signal Dispatcher" daemon [_thread_blocked, id=7084, stack(0x0000000015c70000,0x0000000015d70000)]
  0x0000000002230800 JavaThread "Finalizer" daemon [_thread_blocked, id=10652, stack(0x0000000015b70000,0x0000000015c70000)]
  0x000000000222d000 JavaThread "Reference Handler" daemon [_thread_blocked, id=10148, stack(0x0000000015a70000,0x0000000015b70000)]
  0x0000000002141000 JavaThread "main" [_thread_blocked, id=6124, stack(0x0000000001e60000,0x0000000001f60000)]

Other Threads:
  0x00000000148d6800 VMThread [stack: 0x0000000015970000,0x0000000015a70000] [id=2064]
  0x000000001496e800 WatcherThread [stack: 0x0000000016670000,0x0000000016770000] [id=12760]

VM state:synchronizing (normal execution)

VM Mutex/Monitor currently owned by a thread:  ([mutex/lock_event])
[0x000000000203c520] Safepoint_lock - owner thread: 0x00000000148d6800
[0x000000000203c9a0] Threads_lock - owner thread: 0x00000000148d6800

Heap:
 PSYoungGen      total 18944K, used 7877K [0x00000000eab00000, 0x00000000ec000000, 0x0000000100000000)
  eden space 16384K, 48% used [0x00000000eab00000,0x00000000eb2b1560,0x00000000ebb00000)
  from space 2560K, 0% used [0x00000000ebd80000,0x00000000ebd80000,0x00000000ec000000)
  to   space 2560K, 0% used [0x00000000ebb00000,0x00000000ebb00000,0x00000000ebd80000)
 ParOldGen       total 44032K, used 0K [0x00000000c0000000, 0x00000000c2b00000, 0x00000000eab00000)
  object space 44032K, 0% used [0x00000000c0000000,0x00000000c0000000,0x00000000c2b00000)
 Metaspace       used 4597K, capacity 5808K, committed 6016K, reserved 1056768K
  class space    used 500K, capacity 552K, committed 640K, reserved 1048576K

Card table byte_map: [0x0000000011600000,0x0000000011810000] byte_map_base: 0x0000000011000000

Marking Bits: (ParMarkBitMap*) 0x000000007260d490
 Begin Bits: [0x0000000011d70000, 0x0000000012d70000)
 End Bits:   [0x0000000012d70000, 0x0000000013d70000)

Polling page: 0x0000000000440000

CodeCache: size=245760Kb used=1670Kb max_used=1681Kb free=244089Kb
 bounds [0x0000000002240000, 0x00000000024b0000, 0x0000000011240000]
 total_blobs=549 nmethods=289 adapters=174
 compilation: enabled

Compilation events (10 events):
Event: 16.157 Thread 0x0000000016078800 nmethod 280 0x00000000023dea50 code [0x00000000023deba0, 0x00000000023ded10]
Event: 16.157 Thread 0x0000000016078800  281       3       java.util.ArrayList::ensureExplicitCapacity (26 bytes)
Event: 16.157 Thread 0x0000000016078800 nmethod 281 0x00000000023de610 code [0x00000000023de780, 0x00000000023de968]
Event: 16.157 Thread 0x0000000016078800  282       3       java.util.ArrayList::ensureCapacityInternal (23 bytes)
Event: 16.158 Thread 0x0000000016078800 nmethod 282 0x00000000023de010 code [0x00000000023de1a0, 0x00000000023de4c8]
Event: 16.158 Thread 0x0000000016078800  283       3       java.util.ArrayList::add (29 bytes)
Event: 16.159 Thread 0x0000000016078800 nmethod 283 0x00000000023dd750 code [0x00000000023dd8e0, 0x00000000023ddde8]
Event: 16.159 Thread 0x0000000016078800  285   !   3       com.android.dx.rop.code.RegisterSpec::intern (70 bytes)
Event: 16.161 Thread 0x0000000016078800 nmethod 285 0x00000000023e0290 code [0x00000000023e04c0, 0x00000000023e11a8]
Event: 16.161 Thread 0x0000000016078800  286   !   3       com.android.dx.cf.code.BytecodeArray::parseInstruction (2764 bytes)

GC Heap History (0 events):
No events

Deoptimization events (0 events):
No events

Internal exceptions (10 events):
Event: 16.136 Thread 0x00000000161b3000 Exception <a 'java/security/PrivilegedActionException'> (0x00000000eb142bf0) thrown at [D:\re\workspace\8-2-build-windows-amd64-cygwin\jdk8u25\1677\hotspot\src\share\vm\prims\jvm.cpp, line 1312]
Event: 16.138 Thread 0x00000000161b3000 Exception <a 'java/security/PrivilegedActionException'> (0x00000000eb148b28) thrown at [D:\re\workspace\8-2-build-windows-amd64-cygwin\jdk8u25\1677\hotspot\src\share\vm\prims\jvm.cpp, line 1312]
Event: 16.141 Thread 0x00000000161b3000 Exception <a 'java/security/PrivilegedActionException'> (0x00000000eb151440) thrown at [D:\re\workspace\8-2-build-windows-amd64-cygwin\jdk8u25\1677\hotspot\src\share\vm\prims\jvm.cpp, line 1312]
Event: 16.143 Thread 0x00000000161b3000 Exception <a 'java/security/PrivilegedActionException'> (0x00000000eb1573f8) thrown at [D:\re\workspace\8-2-build-windows-amd64-cygwin\jdk8u25\1677\hotspot\src\share\vm\prims\jvm.cpp, line 1312]
Event: 16.146 Thread 0x00000000161c8800 Exception <a 'java/security/PrivilegedActionException'> (0x00000000eb16c9e0) thrown at [D:\re\workspace\8-2-build-windows-amd64-cygwin\jdk8u25\1677\hotspot\src\share\vm\prims\jvm.cpp, line 1312]
Event: 16.158 Thread 0x00000000161b3000 Exception <a 'java/security/PrivilegedActionException'> (0x00000000eb163190) thrown at [D:\re\workspace\8-2-build-windows-amd64-cygwin\jdk8u25\1677\hotspot\src\share\vm\prims\jvm.cpp, line 1312]
Event: 16.160 Thread 0x00000000161b3000 Exception <a 'java/security/PrivilegedActionException'> (0x00000000eb168838) thrown at [D:\re\workspace\8-2-build-windows-amd64-cygwin\jdk8u25\1677\hotspot\src\share\vm\prims\jvm.cpp, line 1312]
Event: 16.162 Thread 0x00000000161b3000 Exception <a 'java/security/PrivilegedActionException'> (0x00000000eb20f048) thrown at [D:\re\workspace\8-2-build-windows-amd64-cygwin\jdk8u25\1677\hotspot\src\share\vm\prims\jvm.cpp, line 1312]
Event: 16.166 Thread 0x00000000161b3000 Exception <a 'java/security/PrivilegedActionException'> (0x00000000eb213b50) thrown at [D:\re\workspace\8-2-build-windows-amd64-cygwin\jdk8u25\1677\hotspot\src\share\vm\prims\jvm.cpp, line 1312]
Event: 16.167 Thread 0x00000000161b3000 Exception <a 'java/security/PrivilegedActionException'> (0x00000000eb219578) thrown at [D:\re\workspace\8-2-build-windows-amd64-cygwin\jdk8u25\1677\hotspot\src\share\vm\prims\jvm.cpp, line 1312]

Events (10 events):
Event: 16.168 Executing VM operation: RevokeBias
Event: 16.168 Executing VM operation: RevokeBias done
Event: 16.168 Executing VM operation: RevokeBias
Event: 16.168 Executing VM operation: RevokeBias done
Event: 16.168 loading class java/util/EnumSet
Event: 16.169 Executing VM operation: RevokeBias
Event: 16.394 loading class java/util/EnumSet done
Event: 16.394 Executing VM operation: RevokeBias done
Event: 16.394 Executing VM operation: RevokeBias
Event: 16.394 Executing VM operation: RevokeBias done


Dynamic libraries:
0x00007ff66e910000 - 0x00007ff66e944000 	C:\Program Files\Java\jdk1.8.0_25\bin\java.exe
0x00007fff35970000 - 0x00007fff35b31000 	C:\WINDOWS\SYSTEM32\ntdll.dll
0x00007fff32d70000 - 0x00007fff32e1d000 	C:\WINDOWS\system32\KERNEL32.DLL
0x00007fff321e0000 - 0x00007fff323c8000 	C:\WINDOWS\system32\KERNELBASE.dll
0x00007fff35650000 - 0x00007fff356f7000 	C:\WINDOWS\system32\ADVAPI32.dll
0x00007fff33150000 - 0x00007fff331ed000 	C:\WINDOWS\system32\msvcrt.dll
0x00007fff35890000 - 0x00007fff358eb000 	C:\WINDOWS\system32\sechost.dll
0x00007fff32e80000 - 0x00007fff32f9c000 	C:\WINDOWS\system32\RPCRT4.dll
0x00007fff35080000 - 0x00007fff351d6000 	C:\WINDOWS\system32\USER32.dll
0x00007fff35700000 - 0x00007fff35886000 	C:\WINDOWS\system32\GDI32.dll
0x00007fff25660000 - 0x00007fff258d4000 	C:\WINDOWS\WinSxS\amd64_microsoft.windows.common-controls_6595b64144ccf1df_6.0.10586.0_none_8c15ae12515e1c22\COMCTL32.dll
0x00007fff353c0000 - 0x00007fff3563d000 	C:\WINDOWS\system32\combase.dll
0x00007fff320e0000 - 0x00007fff3214a000 	C:\WINDOWS\system32\bcryptPrimitives.dll
0x00007fff33270000 - 0x00007fff332ab000 	C:\WINDOWS\system32\IMM32.DLL
0x0000000071890000 - 0x0000000071962000 	C:\Program Files\Java\jdk1.8.0_25\jre\bin\msvcr100.dll
0x0000000071e30000 - 0x000000007268a000 	C:\Program Files\Java\jdk1.8.0_25\jre\bin\server\jvm.dll
0x00007fff331f0000 - 0x00007fff331f8000 	C:\WINDOWS\system32\PSAPI.DLL
0x00007fff1d290000 - 0x00007fff1d299000 	C:\WINDOWS\SYSTEM32\WSOCK32.dll
0x00007fff35900000 - 0x00007fff3596b000 	C:\WINDOWS\system32\WS2_32.dll
0x00007fff300d0000 - 0x00007fff300f3000 	C:\WINDOWS\SYSTEM32\WINMM.dll
0x00007fff2ff20000 - 0x00007fff2ff4c000 	C:\WINDOWS\SYSTEM32\WINMMBASE.dll
0x00007fff323d0000 - 0x00007fff32413000 	C:\WINDOWS\system32\cfgmgr32.dll
0x0000000071e20000 - 0x0000000071e2f000 	C:\Program Files\Java\jdk1.8.0_25\jre\bin\verify.dll
0x0000000071df0000 - 0x0000000071e18000 	C:\Program Files\Java\jdk1.8.0_25\jre\bin\java.dll
0x0000000071cf0000 - 0x0000000071d06000 	C:\Program Files\Java\jdk1.8.0_25\jre\bin\zip.dll
0x00007fff332b0000 - 0x00007fff3480c000 	C:\WINDOWS\system32\SHELL32.dll
0x00007fff32670000 - 0x00007fff32cb5000 	C:\WINDOWS\system32\windows.storage.dll
0x00007fff352b0000 - 0x00007fff35302000 	C:\WINDOWS\system32\shlwapi.dll
0x00007fff32010000 - 0x00007fff3201f000 	C:\WINDOWS\system32\kernel.appcore.dll
0x00007fff32020000 - 0x00007fff320d5000 	C:\WINDOWS\system32\shcore.dll
0x00007fff31fc0000 - 0x00007fff3200b000 	C:\WINDOWS\system32\powrprof.dll
0x00007fff31f90000 - 0x00007fff31fa4000 	C:\WINDOWS\system32\profapi.dll
0x00007fff0d7f0000 - 0x00007fff0d97c000 	C:\WINDOWS\SYSTEM32\dbghelp.dll

VM Arguments:
jvm_args: -Djava.awt.headless=true -Xmx1024M -Dfile.encoding=windows-1252 -Duser.country=US -Duser.language=en -Duser.variant 
java_command: com.android.dx.command.Main --dex --force-jumbo --num-threads=4 --multi-dex --output C:\Users\Status\Documents\ECE420FinalProjectTake2\app\build\intermediates\transforms\dex\debug\folders\1000\5\slice_6 C:\Users\Status\Documents\ECE420FinalProjectTake2\app\build\intermediates\transforms\instantRunSlicer\debug\folders\1\5\slice_6
java_class_path (initial): C:\Users\Status\AppData\Local\Android\sdk\build-tools\23.0.3\lib\dx.jar
Launcher Type: SUN_STANDARD

Environment Variables:
PATH=C:\Python27\;C:\Python27\Scripts;C:\ProgramData\Oracle\Java\javapath;C:\Program Files\PROS\cli;%PROS_TOOLCHAIN%\bin;C:\WINDOWS\system32;C:\WINDOWS;C:\WINDOWS\System32\Wbem;C:\WINDOWS\System32\WindowsPowerShell\v1.0\;C:\Users\Status\Downloads\gcc-linaro-arm-linux-gnueabihf-4.8-2013.10_win32\gcc-linaro-arm-linux-gnueabihf-4.8-2013.10_win32\bin
USERNAME=Status
OS=Windows_NT
PROCESSOR_IDENTIFIER=Intel64 Family 6 Model 69 Stepping 1, GenuineIntel



---------------  S Y S T E M  ---------------

OS: Windows 8.1 , 64 bit Build 9600 

CPU:total 4 (2 cores per cpu, 2 threads per core) family 6 model 69 stepping 1, cmov, cx8, fxsr, mmx, sse, sse2, sse3, ssse3, sse4.1, sse4.2, popcnt, avx, avx2, aes, clmul, erms, lzcnt, ht, tsc, tscinvbit, bmi1, bmi2

Memory: 4k page, physical 4074848k(371920k free), swap 7455072k(10336k free)

vm_info: Java HotSpot(TM) 64-Bit Server VM (25.25-b02) for windows-amd64 JRE (1.8.0_25-b18), built on Oct  7 2014 14:25:37 by "java_re" with MS VC++ 10.0 (VS2010)

time: Mon May 02 16:40:09 2016
elapsed time: 16 seconds (0d 0h 0m 16s)

