#
# There is insufficient memory for the Java Runtime Environment to continue.
# Native memory allocation (malloc) failed to allocate 1411376 bytes for Chunk::new
# Possible reasons:
#   The system is out of physical RAM or swap space
#   In 32 bit mode, the process size limit was hit
# Possible solutions:
#   Reduce memory load on the system
#   Increase physical memory or swap space
#   Check if swap backing store is full
#   Use 64 bit Java on a 64 bit OS
#   Decrease Java heap size (-Xmx/-Xms)
#   Decrease number of Java threads
#   Decrease Java thread stack sizes (-Xss)
#   Set larger code cache with -XX:ReservedCodeCacheSize=
# This output file may be truncated or incomplete.
#
#  Out of Memory Error (allocation.cpp:390), pid=15208, tid=14756
#
# JRE version: Java(TM) SE Runtime Environment (8.0_25-b18) (build 1.8.0_25-b18)
# Java VM: Java HotSpot(TM) 64-Bit Server VM (25.25-b02 mixed mode windows-amd64 compressed oops)
# Failed to write core dump. Minidumps are not enabled by default on client versions of Windows
#

---------------  T H R E A D  ---------------

Current thread (0x0000000014afd800):  JavaThread "C2 CompilerThread0" daemon [_thread_in_native, id=14756, stack(0x0000000016060000,0x0000000016160000)]

Stack: [0x0000000016060000,0x0000000016160000]
Native frames: (J=compiled Java code, j=interpreted, Vv=VM code, C=native code)
V  [jvm.dll+0x31667a]


Current CompileTask:
C2:   7735 1627   !   4       com.android.dx.cf.cst.ConstantPoolParser::parse0 (731 bytes)


---------------  P R O C E S S  ---------------

Java Threads: ( => current thread )
  0x000000001680c000 JavaThread "pool-2-thread-4" [_thread_in_Java, id=11972, stack(0x0000000017560000,0x0000000017660000)]
  0x0000000016806800 JavaThread "pool-2-thread-3" [_thread_in_Java, id=15444, stack(0x0000000017460000,0x0000000017560000)]
  0x0000000016807800 JavaThread "pool-2-thread-2" [_thread_in_Java, id=8300, stack(0x0000000017360000,0x0000000017460000)]
  0x00000000168a4000 JavaThread "pool-3-thread-1" [_thread_blocked, id=9196, stack(0x0000000017260000,0x0000000017360000)]
  0x00000000167a8800 JavaThread "pool-2-thread-1" [_thread_in_Java, id=11664, stack(0x0000000017160000,0x0000000017260000)]
  0x0000000014b5b000 JavaThread "Service Thread" daemon [_thread_blocked, id=7808, stack(0x0000000016360000,0x0000000016460000)]
  0x0000000014b03800 JavaThread "C1 CompilerThread2" daemon [_thread_blocked, id=1304, stack(0x0000000016260000,0x0000000016360000)]
  0x0000000014aff800 JavaThread "C2 CompilerThread1" daemon [_thread_in_native, id=12580, stack(0x0000000016160000,0x0000000016260000)]
=>0x0000000014afd800 JavaThread "C2 CompilerThread0" daemon [_thread_in_native, id=14756, stack(0x0000000016060000,0x0000000016160000)]
  0x0000000014afb000 JavaThread "Attach Listener" daemon [_thread_blocked, id=14936, stack(0x0000000015f60000,0x0000000016060000)]
  0x0000000014afa000 JavaThread "Signal Dispatcher" daemon [_thread_blocked, id=11568, stack(0x0000000015e60000,0x0000000015f60000)]
  0x0000000002420800 JavaThread "Finalizer" daemon [_thread_blocked, id=8016, stack(0x0000000015d60000,0x0000000015e60000)]
  0x000000000241d000 JavaThread "Reference Handler" daemon [_thread_blocked, id=6080, stack(0x0000000015c60000,0x0000000015d60000)]
  0x0000000002331000 JavaThread "main" [_thread_in_Java, id=16364, stack(0x00000000021b0000,0x00000000022b0000)]

Other Threads:
  0x0000000014ac6800 VMThread [stack: 0x0000000015b60000,0x0000000015c60000] [id=13592]
  0x0000000014b5e000 WatcherThread [stack: 0x0000000016460000,0x0000000016560000] [id=14564]

VM state:not at safepoint (normal execution)

VM Mutex/Monitor currently owned by a thread: None

Heap:
 PSYoungGen      total 68096K, used 57418K [0x00000000eab00000, 0x00000000ef000000, 0x0000000100000000)
  eden space 65536K, 83% used [0x00000000eab00000,0x00000000ee095a08,0x00000000eeb00000)
  from space 2560K, 99% used [0x00000000eed80000,0x00000000eeffd078,0x00000000ef000000)
  to   space 2560K, 0% used [0x00000000eeb00000,0x00000000eeb00000,0x00000000eed80000)
 ParOldGen       total 44032K, used 13360K [0x00000000c0000000, 0x00000000c2b00000, 0x00000000eab00000)
  object space 44032K, 30% used [0x00000000c0000000,0x00000000c0d0c2e0,0x00000000c2b00000)
 Metaspace       used 6318K, capacity 7192K, committed 7424K, reserved 1056768K
  class space    used 613K, capacity 656K, committed 768K, reserved 1048576K

Card table byte_map: [0x00000000117f0000,0x0000000011a00000] byte_map_base: 0x00000000111f0000

Marking Bits: (ParMarkBitMap*) 0x0000000068a4d490
 Begin Bits: [0x0000000011f60000, 0x0000000012f60000)
 End Bits:   [0x0000000012f60000, 0x0000000013f60000)

Polling page: 0x0000000000910000

CodeCache: size=245760Kb used=7309Kb max_used=7309Kb free=238450Kb
 bounds [0x0000000002430000, 0x0000000002b60000, 0x0000000011430000]
 total_blobs=2029 nmethods=1764 adapters=178
 compilation: enabled

Compilation events (10 events):
Event: 7.147 Thread 0x0000000014b03800 1651       3       com.android.dx.rop.type.Type::isReference (15 bytes)
Event: 7.147 Thread 0x0000000014b03800 nmethod 1651 0x0000000002af7a90 code [0x0000000002af7be0, 0x0000000002af7d90]
Event: 7.147 Thread 0x0000000014b03800 1661  s    3       com.android.dx.dex.file.StringIdsSection::intern (53 bytes)
Event: 7.148 Thread 0x0000000014b03800 nmethod 1661 0x0000000002af7e10 code [0x0000000002af7fe0, 0x0000000002af8918]
Event: 7.148 Thread 0x0000000014b03800 1656       3       com.android.dx.dex.file.DexFile::internIfAppropriate (128 bytes)
Event: 7.149 Thread 0x0000000014b03800 nmethod 1656 0x0000000002af8c50 code [0x0000000002af8ee0, 0x0000000002afa6f8]
Event: 7.149 Thread 0x0000000014b03800 1649       3       java.util.concurrent.locks.AbstractQueuedSynchronizer$ConditionObject::signal (33 bytes)
Event: 7.150 Thread 0x0000000014b03800 nmethod 1649 0x0000000002afacd0 code [0x0000000002afae60, 0x0000000002afb1c8]
Event: 7.150 Thread 0x0000000014b03800 1650       3       java.util.concurrent.locks.ReentrantLock$Sync::isHeldExclusively (16 bytes)
Event: 7.150 Thread 0x0000000014b03800 nmethod 1650 0x0000000002afb2d0 code [0x0000000002afb440, 0x0000000002afb6b0]

GC Heap History (6 events):
Event: 2.946 GC heap before
{Heap before GC invocations=1 (full 0):
 PSYoungGen      total 18944K, used 16384K [0x00000000eab00000, 0x00000000ec000000, 0x0000000100000000)
  eden space 16384K, 100% used [0x00000000eab00000,0x00000000ebb00000,0x00000000ebb00000)
  from space 2560K, 0% used [0x00000000ebd80000,0x00000000ebd80000,0x00000000ec000000)
  to   space 2560K, 0% used [0x00000000ebb00000,0x00000000ebb00000,0x00000000ebd80000)
 ParOldGen       total 44032K, used 0K [0x00000000c0000000, 0x00000000c2b00000, 0x00000000eab00000)
  object space 44032K, 0% used [0x00000000c0000000,0x00000000c0000000,0x00000000c2b00000)
 Metaspace       used 5485K, capacity 6512K, committed 6784K, reserved 1056768K
  class space    used 587K, capacity 616K, committed 640K, reserved 1048576K
Event: 3.165 GC heap after
Heap after GC invocations=1 (full 0):
 PSYoungGen      total 18944K, used 2555K [0x00000000eab00000, 0x00000000ed000000, 0x0000000100000000)
  eden space 16384K, 0% used [0x00000000eab00000,0x00000000eab00000,0x00000000ebb00000)
  from space 2560K, 99% used [0x00000000ebb00000,0x00000000ebd7eda8,0x00000000ebd80000)
  to   space 2560K, 0% used [0x00000000ecd80000,0x00000000ecd80000,0x00000000ed000000)
 ParOldGen       total 44032K, used 850K [0x00000000c0000000, 0x00000000c2b00000, 0x00000000eab00000)
  object space 44032K, 1% used [0x00000000c0000000,0x00000000c00d4890,0x00000000c2b00000)
 Metaspace       used 5485K, capacity 6512K, committed 6784K, reserved 1056768K
  class space    used 587K, capacity 616K, committed 640K, reserved 1048576K
}
Event: 4.859 GC heap before
{Heap before GC invocations=2 (full 0):
 PSYoungGen      total 18944K, used 18939K [0x00000000eab00000, 0x00000000ed000000, 0x0000000100000000)
  eden space 16384K, 100% used [0x00000000eab00000,0x00000000ebb00000,0x00000000ebb00000)
  from space 2560K, 99% used [0x00000000ebb00000,0x00000000ebd7eda8,0x00000000ebd80000)
  to   space 2560K, 0% used [0x00000000ecd80000,0x00000000ecd80000,0x00000000ed000000)
 ParOldGen       total 44032K, used 850K [0x00000000c0000000, 0x00000000c2b00000, 0x00000000eab00000)
  object space 44032K, 1% used [0x00000000c0000000,0x00000000c00d4890,0x00000000c2b00000)
 Metaspace       used 5986K, capacity 6960K, committed 7040K, reserved 1056768K
  class space    used 592K, capacity 616K, committed 640K, reserved 1048576K
Event: 5.146 GC heap after
Heap after GC invocations=2 (full 0):
 PSYoungGen      total 35328K, used 2546K [0x00000000eab00000, 0x00000000ed000000, 0x0000000100000000)
  eden space 32768K, 0% used [0x00000000eab00000,0x00000000eab00000,0x00000000ecb00000)
  from space 2560K, 99% used [0x00000000ecd80000,0x00000000ecffcba8,0x00000000ed000000)
  to   space 2560K, 0% used [0x00000000ecb00000,0x00000000ecb00000,0x00000000ecd80000)
 ParOldGen       total 44032K, used 2875K [0x00000000c0000000, 0x00000000c2b00000, 0x00000000eab00000)
  object space 44032K, 6% used [0x00000000c0000000,0x00000000c02cefc0,0x00000000c2b00000)
 Metaspace       used 5986K, capacity 6960K, committed 7040K, reserved 1056768K
  class space    used 592K, capacity 616K, committed 640K, reserved 1048576K
}
Event: 6.984 GC heap before
{Heap before GC invocations=3 (full 0):
 PSYoungGen      total 35328K, used 35314K [0x00000000eab00000, 0x00000000ed000000, 0x0000000100000000)
  eden space 32768K, 100% used [0x00000000eab00000,0x00000000ecb00000,0x00000000ecb00000)
  from space 2560K, 99% used [0x00000000ecd80000,0x00000000ecffcba8,0x00000000ed000000)
  to   space 2560K, 0% used [0x00000000ecb00000,0x00000000ecb00000,0x00000000ecd80000)
 ParOldGen       total 44032K, used 2875K [0x00000000c0000000, 0x00000000c2b00000, 0x00000000eab00000)
  object space 44032K, 6% used [0x00000000c0000000,0x00000000c02cefc0,0x00000000c2b00000)
 Metaspace       used 6247K, capacity 7128K, committed 7424K, reserved 1056768K
  class space    used 612K, capacity 656K, committed 768K, reserved 1048576K
Event: 6.998 GC heap after
Heap after GC invocations=3 (full 0):
 PSYoungGen      total 35328K, used 2530K [0x00000000eab00000, 0x00000000ef000000, 0x0000000100000000)
  eden space 32768K, 0% used [0x00000000eab00000,0x00000000eab00000,0x00000000ecb00000)
  from space 2560K, 98% used [0x00000000ecb00000,0x00000000ecd78838,0x00000000ecd80000)
  to   space 2560K, 0% used [0x00000000eed80000,0x00000000eed80000,0x00000000ef000000)
 ParOldGen       total 44032K, used 7988K [0x00000000c0000000, 0x00000000c2b00000, 0x00000000eab00000)
  object space 44032K, 18% used [0x00000000c0000000,0x00000000c07cd250,0x00000000c2b00000)
 Metaspace       used 6247K, capacity 7128K, committed 7424K, reserved 1056768K
  class space    used 612K, capacity 656K, committed 768K, reserved 1048576K
}

Deoptimization events (10 events):
Event: 5.431 Thread 0x0000000002331000 Uncommon trap: reason=unloaded action=reinterpret pc=0x00000000029197d0 method=com.android.dx.cf.cst.ConstantPoolParser.parse0(ILjava/util/BitSet;)Lcom/android/dx/rop/cst/Constant; @ 220
Event: 5.449 Thread 0x0000000016806800 Uncommon trap: reason=unreached action=reinterpret pc=0x00000000027060dc method=com.android.dx.rop.cst.Constant.compareTo(Lcom/android/dx/rop/cst/Constant;)I @ 12
Event: 6.400 Thread 0x0000000016807800 Uncommon trap: reason=unreached action=reinterpret pc=0x0000000002a45eb0 method=com.android.dx.ssa.SsaRenamer$BlockRenamer.process()V @ 90
Event: 6.427 Thread 0x0000000016807800 Uncommon trap: reason=unreached action=reinterpret pc=0x0000000002a32630 method=com.android.dx.ssa.SCCP.simulateBranch(Lcom/android/dx/ssa/SsaInsn;)V @ 132
Event: 6.494 Thread 0x000000001680c000 Uncommon trap: reason=uninitialized action=reinterpret pc=0x0000000002a14974 method=com.android.dx.cf.code.BytecodeArray.parseInstruction(ILcom/android/dx/cf/code/BytecodeArray$Visitor;)I @ 999
Event: 6.521 Thread 0x000000001680c000 Uncommon trap: reason=bimorphic action=maybe_recompile pc=0x00000000029fb40c method=java.util.HashMap.putVal(ILjava/lang/Object;Ljava/lang/Object;ZZ)Ljava/lang/Object; @ 203
Event: 6.835 Thread 0x000000001680c000 Uncommon trap: reason=unreached action=reinterpret pc=0x000000000274b6d0 method=java.util.HashMap.getNode(ILjava/lang/Object;)Ljava/util/HashMap$Node; @ 84
Event: 6.939 Thread 0x000000001680c000 Uncommon trap: reason=unreached action=reinterpret pc=0x00000000026b486c method=java.util.HashMap.getNode(ILjava/lang/Object;)Ljava/util/HashMap$Node; @ 84
Event: 7.131 Thread 0x0000000002331000 Uncommon trap: reason=unloaded action=reinterpret pc=0x0000000002a5ae2c method=com.android.dx.ssa.LiteralOpUpgrader$1.visitNonMoveInsn(Lcom/android/dx/ssa/NormalSsaInsn;)V @ 72
Event: 7.223 Thread 0x0000000002331000 Uncommon trap: reason=unreached action=reinterpret pc=0x00000000027e919c method=com.android.dx.ssa.SsaMethod.updateOneDefinition(Lcom/android/dx/ssa/SsaInsn;Lcom/android/dx/rop/code/RegisterSpec;)V @ 4

Internal exceptions (10 events):
Event: 3.203 Thread 0x000000001680c000 Exception <a 'java/security/PrivilegedActionException'> (0x00000000ead77d10) thrown at [D:\re\workspace\8-2-build-windows-amd64-cygwin\jdk8u25\1677\hotspot\src\share\vm\prims\jvm.cpp, line 1312]
Event: 3.233 Thread 0x0000000016806800 Exception <a 'java/security/PrivilegedActionException'> (0x00000000eadf22c8) thrown at [D:\re\workspace\8-2-build-windows-amd64-cygwin\jdk8u25\1677\hotspot\src\share\vm\prims\jvm.cpp, line 1312]
Event: 3.567 Thread 0x000000001680c000 Exception <a 'java/security/PrivilegedActionException'> (0x00000000eb087db0) thrown at [D:\re\workspace\8-2-build-windows-amd64-cygwin\jdk8u25\1677\hotspot\src\share\vm\prims\jvm.cpp, line 1312]
Event: 3.570 Thread 0x00000000167a8800 Implicit null exception at 0x00000000027456e2 to 0x00000000027457d5
Event: 3.650 Thread 0x00000000167a8800 Exception <a 'java/security/PrivilegedActionException'> (0x00000000eb4de7a0) thrown at [D:\re\workspace\8-2-build-windows-amd64-cygwin\jdk8u25\1677\hotspot\src\share\vm\prims\jvm.cpp, line 1312]
Event: 6.384 Thread 0x0000000002331000 Exception <a 'java/security/PrivilegedActionException'> (0x00000000eb43ae88) thrown at [D:\re\workspace\8-2-build-windows-amd64-cygwin\jdk8u25\1677\hotspot\src\share\vm\prims\jvm.cpp, line 1312]
Event: 6.817 Thread 0x000000001680c000 Exception <a 'java/lang/ArrayIndexOutOfBoundsException': 18> (0x00000000ec6e60b0) thrown at [D:\re\workspace\8-2-build-windows-amd64-cygwin\jdk8u25\1677\hotspot\src\share\vm\interpreter\interpreterRuntime.cpp, line 366]
Event: 6.818 Thread 0x000000001680c000 Exception <a 'java/lang/ArrayIndexOutOfBoundsException'> (0x00000000ec6e7b48) thrown at [D:\re\workspace\8-2-build-windows-amd64-cygwin\jdk8u25\1677\hotspot\src\share\vm\runtime\sharedRuntime.cpp, line 604]
Event: 6.834 Thread 0x000000001680c000 Exception <a 'java/lang/ArrayIndexOutOfBoundsException'> (0x00000000ec6e8d60) thrown at [D:\re\workspace\8-2-build-windows-amd64-cygwin\jdk8u25\1677\hotspot\src\share\vm\runtime\sharedRuntime.cpp, line 604]
Event: 7.131 Thread 0x0000000002331000 Exception <a 'java/security/PrivilegedActionException'> (0x00000000eb9379e0) thrown at [D:\re\workspace\8-2-build-windows-amd64-cygwin\jdk8u25\1677\hotspot\src\share\vm\prims\jvm.cpp, line 1312]

Events (10 events):
Event: 6.983 Executing VM operation: ParallelGCFailedAllocation
Event: 6.998 Executing VM operation: ParallelGCFailedAllocation done
Event: 7.131 Thread 0x0000000002331000 Uncommon trap: trap_request=0x0000004e fr.pc=0x0000000002a5ae2c
Event: 7.131 loading class com/android/dx/rop/code/RegOps
Event: 7.131 loading class com/android/dx/rop/code/RegOps done
Event: 7.223 Thread 0x0000000002331000 DEOPT PACKING pc=0x0000000002a5ae2c sp=0x00000000022ae120
Event: 7.223 Thread 0x0000000002331000 DEOPT UNPACKING pc=0x000000000247556a sp=0x00000000022ae0a8 mode 2
Event: 7.223 Thread 0x0000000002331000 Uncommon trap: trap_request=0xffffffad fr.pc=0x00000000027e919c
Event: 7.223 Thread 0x0000000002331000 DEOPT PACKING pc=0x00000000027e919c sp=0x00000000022adf20
Event: 7.223 Thread 0x0000000002331000 DEOPT UNPACKING pc=0x000000000247556a sp=0x00000000022adec8 mode 2


Dynamic libraries:
0x00007ff678f10000 - 0x00007ff678f44000 	C:\Program Files\Java\jdk1.8.0_25\bin\java.exe
0x00007ffcd0290000 - 0x00007ffcd0451000 	C:\WINDOWS\SYSTEM32\ntdll.dll
0x00007ffcce980000 - 0x00007ffccea2d000 	C:\WINDOWS\system32\KERNEL32.DLL
0x00007ffccca40000 - 0x00007ffcccc28000 	C:\WINDOWS\system32\KERNELBASE.dll
0x00007ffcce6c0000 - 0x00007ffcce767000 	C:\WINDOWS\system32\ADVAPI32.dll
0x00007ffccd850000 - 0x00007ffccd8ed000 	C:\WINDOWS\system32\msvcrt.dll
0x00007ffccdcf0000 - 0x00007ffccdd4b000 	C:\WINDOWS\system32\sechost.dll
0x00007ffcce860000 - 0x00007ffcce97c000 	C:\WINDOWS\system32\RPCRT4.dll
0x00007ffccd6f0000 - 0x00007ffccd846000 	C:\WINDOWS\system32\USER32.dll
0x00007ffcce080000 - 0x00007ffcce206000 	C:\WINDOWS\system32\GDI32.dll
0x00007ffcbec90000 - 0x00007ffcbef04000 	C:\WINDOWS\WinSxS\amd64_microsoft.windows.common-controls_6595b64144ccf1df_6.0.10586.0_none_8c15ae12515e1c22\COMCTL32.dll
0x00007ffccd8f0000 - 0x00007ffccdb6d000 	C:\WINDOWS\system32\combase.dll
0x00007ffccd570000 - 0x00007ffccd5da000 	C:\WINDOWS\system32\bcryptPrimitives.dll
0x00007ffcce770000 - 0x00007ffcce7ab000 	C:\WINDOWS\system32\IMM32.DLL
0x0000000068c40000 - 0x0000000068d12000 	C:\Program Files\Java\jdk1.8.0_25\jre\bin\msvcr100.dll
0x0000000068270000 - 0x0000000068aca000 	C:\Program Files\Java\jdk1.8.0_25\jre\bin\server\jvm.dll
0x00007ffcce6a0000 - 0x00007ffcce6a8000 	C:\WINDOWS\system32\PSAPI.DLL
0x00007ffccb150000 - 0x00007ffccb173000 	C:\WINDOWS\SYSTEM32\WINMM.dll
0x00007ffcbc260000 - 0x00007ffcbc269000 	C:\WINDOWS\SYSTEM32\WSOCK32.dll
0x00007ffcd0220000 - 0x00007ffcd028b000 	C:\WINDOWS\system32\WS2_32.dll
0x0000000002180000 - 0x00000000021ac000 	C:\WINDOWS\SYSTEM32\WINMMBASE.dll
0x00007ffccc940000 - 0x00007ffccc983000 	C:\WINDOWS\system32\cfgmgr32.dll
0x0000000068260000 - 0x000000006826f000 	C:\Program Files\Java\jdk1.8.0_25\jre\bin\verify.dll
0x0000000068230000 - 0x0000000068258000 	C:\Program Files\Java\jdk1.8.0_25\jre\bin\java.dll
0x0000000068210000 - 0x0000000068226000 	C:\Program Files\Java\jdk1.8.0_25\jre\bin\zip.dll
0x00007ffccea30000 - 0x00007ffccff8c000 	C:\WINDOWS\system32\SHELL32.dll
0x00007ffccccf0000 - 0x00007ffccd335000 	C:\WINDOWS\system32\windows.storage.dll
0x00007ffcd0150000 - 0x00007ffcd01a2000 	C:\WINDOWS\system32\shlwapi.dll
0x00007ffccc920000 - 0x00007ffccc92f000 	C:\WINDOWS\system32\kernel.appcore.dll
0x00007ffcccc30000 - 0x00007ffcccce5000 	C:\WINDOWS\system32\shcore.dll
0x00007ffccc8d0000 - 0x00007ffccc91b000 	C:\WINDOWS\system32\powrprof.dll
0x00007ffccc8b0000 - 0x00007ffccc8c4000 	C:\WINDOWS\system32\profapi.dll
0x00007ffcc9b30000 - 0x00007ffcc9cbc000 	C:\WINDOWS\SYSTEM32\dbghelp.dll

VM Arguments:
jvm_args: -Djava.awt.headless=true -Xmx1024M -Dfile.encoding=windows-1252 -Duser.country=US -Duser.language=en -Duser.variant 
java_command: com.android.dx.command.Main --dex --force-jumbo --num-threads=4 --multi-dex --output C:\Users\Status\Documents\ECE420FinalProjectTake2\app\build\intermediates\transforms\dex\debug\folders\1000\10\com.android.support-appcompat-v7-22.2.1_ed284110da63cbda386d7456150fe3640137b52d C:\Users\Status\Documents\ECE420FinalProjectTake2\app\build\intermediates\exploded-aar\com.android.support\appcompat-v7\22.2.1\jars\classes.jar
java_class_path (initial): C:\Users\Status\AppData\Local\Android\sdk\build-tools\23.0.3\lib\dx.jar
Launcher Type: SUN_STANDARD

Environment Variables:
PATH=C:\Python27\;C:\Python27\Scripts;C:\ProgramData\Oracle\Java\javapath;C:\Program Files\PROS\cli;%PROS_TOOLCHAIN%\bin;C:\WINDOWS\system32;C:\WINDOWS;C:\WINDOWS\System32\Wbem;C:\WINDOWS\System32\WindowsPowerShell\v1.0\;C:\Users\Status\Downloads\gcc-linaro-arm-linux-gnueabihf-4.8-2013.10_win32\gcc-linaro-arm-linux-gnueabihf-4.8-2013.10_win32\bin
USERNAME=Status
OS=Windows_NT
PROCESSOR_IDENTIFIER=Intel64 Family 6 Model 69 Stepping 1, GenuineIntel



---------------  S Y S T E M  ---------------

OS: Windows 8.1 , 64 bit Build 9600 

CPU:total 4 (2 cores per cpu, 2 threads per core) family 6 model 69 stepping 1, cmov, cx8, fxsr, mmx, sse, sse2, sse3, ssse3, sse4.1, sse4.2, popcnt, avx, avx2, aes, clmul, erms, lzcnt, ht, tsc, tscinvbit, bmi1, bmi2

Memory: 4k page, physical 4074848k(361700k free), swap 7455072k(1676k free)

vm_info: Java HotSpot(TM) 64-Bit Server VM (25.25-b02) for windows-amd64 JRE (1.8.0_25-b18), built on Oct  7 2014 14:25:37 by "java_re" with MS VC++ 10.0 (VS2010)

time: Tue Apr 19 20:42:07 2016
elapsed time: 7 seconds (0d 0h 0m 7s)

