#
# There is insufficient memory for the Java Runtime Environment to continue.
# Native memory allocation (malloc) failed to allocate 1296496 bytes for Chunk::new
# Possible reasons:
#   The system is out of physical RAM or swap space
#   In 32 bit mode, the process size limit was hit
# Possible solutions:
#   Reduce memory load on the system
#   Increase physical memory or swap space
#   Check if swap backing store is full
#   Use 64 bit Java on a 64 bit OS
#   Decrease Java heap size (-Xmx/-Xms)
#   Decrease number of Java threads
#   Decrease Java thread stack sizes (-Xss)
#   Set larger code cache with -XX:ReservedCodeCacheSize=
# This output file may be truncated or incomplete.
#
#  Out of Memory Error (allocation.cpp:390), pid=11576, tid=4556
#
# JRE version: Java(TM) SE Runtime Environment (8.0_25-b18) (build 1.8.0_25-b18)
# Java VM: Java HotSpot(TM) 64-Bit Server VM (25.25-b02 mixed mode windows-amd64 compressed oops)
# Failed to write core dump. Minidumps are not enabled by default on client versions of Windows
#

---------------  T H R E A D  ---------------

Current thread (0x000000001493d800):  JavaThread "C2 CompilerThread0" daemon [_thread_in_native, id=4556, stack(0x0000000015e90000,0x0000000015f90000)]

Stack: [0x0000000015e90000,0x0000000015f90000]
Native frames: (J=compiled Java code, j=interpreted, Vv=VM code, C=native code)
V  [jvm.dll+0x31667a]
V  [jvm.dll+0x267073]
V  [jvm.dll+0x267cb3]
V  [jvm.dll+0x25f5b5]
V  [jvm.dll+0xbf165]
V  [jvm.dll+0xbf60c]
V  [jvm.dll+0x45d672]
V  [jvm.dll+0x49e8ef]
V  [jvm.dll+0x452275]
V  [jvm.dll+0x453864]
V  [jvm.dll+0x437372]
V  [jvm.dll+0x98a02]
V  [jvm.dll+0x991f3]
V  [jvm.dll+0x22bde4]
V  [jvm.dll+0x2852fa]
C  [msvcr100.dll+0x21d9f]
C  [msvcr100.dll+0x21e3b]
C  [KERNEL32.DLL+0x18102]
C  [ntdll.dll+0x5c5b4]


Current CompileTask:
C2:   6143 1371   !   4       com.android.dx.cf.code.RopperMachine::run (1550 bytes)


---------------  P R O C E S S  ---------------

Java Threads: ( => current thread )
  0x00000000164f2800 JavaThread "pool-2-thread-4" [_thread_blocked, id=10772, stack(0x0000000016b90000,0x0000000016c90000)]
  0x00000000164f1000 JavaThread "pool-2-thread-3" [_thread_blocked, id=5344, stack(0x0000000016a90000,0x0000000016b90000)]
  0x00000000163d7000 JavaThread "pool-2-thread-2" [_thread_blocked, id=11168, stack(0x0000000016990000,0x0000000016a90000)]
  0x00000000163d6000 JavaThread "pool-3-thread-1" [_thread_blocked, id=1160, stack(0x0000000016890000,0x0000000016990000)]
  0x00000000163db000 JavaThread "pool-2-thread-1" [_thread_blocked, id=1976, stack(0x0000000016790000,0x0000000016890000)]
  0x000000001499c000 JavaThread "Service Thread" daemon [_thread_blocked, id=1036, stack(0x0000000016190000,0x0000000016290000)]
  0x0000000014994000 JavaThread "C1 CompilerThread2" daemon [_thread_blocked, id=12820, stack(0x0000000016090000,0x0000000016190000)]
  0x0000000014940000 JavaThread "C2 CompilerThread1" daemon [_thread_blocked, id=14292, stack(0x0000000015f90000,0x0000000016090000)]
=>0x000000001493d800 JavaThread "C2 CompilerThread0" daemon [_thread_in_native, id=4556, stack(0x0000000015e90000,0x0000000015f90000)]
  0x000000001493b800 JavaThread "Attach Listener" daemon [_thread_blocked, id=15404, stack(0x0000000015d90000,0x0000000015e90000)]
  0x000000001493a000 JavaThread "Signal Dispatcher" daemon [_thread_blocked, id=3552, stack(0x0000000015c90000,0x0000000015d90000)]
  0x0000000002260800 JavaThread "Finalizer" daemon [_thread_blocked, id=16308, stack(0x0000000015b90000,0x0000000015c90000)]
  0x000000000225d000 JavaThread "Reference Handler" daemon [_thread_blocked, id=4564, stack(0x0000000015a90000,0x0000000015b90000)]
  0x0000000002171000 JavaThread "main" [_thread_blocked, id=14068, stack(0x0000000001f70000,0x0000000002070000)]

Other Threads:
  0x0000000014906800 VMThread [stack: 0x0000000015990000,0x0000000015a90000] [id=3028]
  0x0000000016290800 WatcherThread [stack: 0x0000000016690000,0x0000000016790000] [id=12940]

VM state:at safepoint (normal execution)

VM Mutex/Monitor currently owned by a thread:  ([mutex/lock_event])
[0x000000000074be20] Threads_lock - owner thread: 0x0000000014906800
[0x000000000074c7a0] Heap_lock - owner thread: 0x00000000164f2800

Heap:
 PSYoungGen      total 18944K, used 18942K [0x00000000eab00000, 0x00000000ed000000, 0x0000000100000000)
  eden space 16384K, 100% used [0x00000000eab00000,0x00000000ebb00000,0x00000000ebb00000)
  from space 2560K, 99% used [0x00000000ebd80000,0x00000000ebfffa88,0x00000000ec000000)
  to   space 2560K, 0% used [0x00000000ebb00000,0x00000000ebb00000,0x00000000ebd80000)
 ParOldGen       total 44032K, used 4775K [0x00000000c0000000, 0x00000000c2b00000, 0x00000000eab00000)
  object space 44032K, 10% used [0x00000000c0000000,0x00000000c04a9ef0,0x00000000c2b00000)
 Metaspace       used 5881K, capacity 6896K, committed 7040K, reserved 1056768K
  class space    used 584K, capacity 616K, committed 640K, reserved 1048576K

Card table byte_map: [0x0000000011630000,0x0000000011840000] byte_map_base: 0x0000000011030000

Marking Bits: (ParMarkBitMap*) 0x0000000068a4d490
 Begin Bits: [0x0000000011da0000, 0x0000000012da0000)
 End Bits:   [0x0000000012da0000, 0x0000000013da0000)

Polling page: 0x0000000000710000

CodeCache: size=245760Kb used=5607Kb max_used=5613Kb free=240152Kb
 bounds [0x0000000002270000, 0x0000000002800000, 0x0000000011270000]
 total_blobs=1628 nmethods=1365 adapters=177
 compilation: enabled

Compilation events (10 events):
Event: 6.090 Thread 0x0000000014940000 nmethod 1368 0x00000000027dea10 code [0x00000000027dec00, 0x00000000027df678]
Event: 6.090 Thread 0x0000000014940000 1372       4       com.android.dx.cf.code.ExecutionStack::peek (42 bytes)
Event: 6.091 Thread 0x0000000014940000 nmethod 1372 0x00000000027efb50 code [0x00000000027efca0, 0x00000000027efd88]
Event: 6.094 Thread 0x0000000014940000 1373       4       com.android.dx.rop.code.Rops::opMove (77 bytes)
Event: 6.095 Thread 0x0000000014940000 nmethod 1373 0x00000000027ef850 code [0x00000000027ef9a0, 0x00000000027efa88]
Event: 6.097 Thread 0x0000000014940000 1374   !   4       com.android.dx.cf.code.BaseMachine::result (36 bytes)
Event: 6.098 Thread 0x0000000014940000 nmethod 1374 0x00000000027ef590 code [0x00000000027ef6c0, 0x00000000027ef778]
Event: 6.101 Thread 0x0000000014940000 1375       4       com.android.dx.cf.code.BaseMachine::popArgs (62 bytes)
Event: 6.114 Thread 0x0000000014940000 nmethod 1375 0x00000000027e3e10 code [0x00000000027e3f80, 0x00000000027e44a8]
Event: 6.118 Thread 0x0000000014940000 1376       4       com.android.dx.cf.code.BaseMachine::storeResults (90 bytes)

GC Heap History (4 events):
Event: 3.549 GC heap before
{Heap before GC invocations=1 (full 0):
 PSYoungGen      total 18944K, used 16384K [0x00000000eab00000, 0x00000000ec000000, 0x0000000100000000)
  eden space 16384K, 100% used [0x00000000eab00000,0x00000000ebb00000,0x00000000ebb00000)
  from space 2560K, 0% used [0x00000000ebd80000,0x00000000ebd80000,0x00000000ec000000)
  to   space 2560K, 0% used [0x00000000ebb00000,0x00000000ebb00000,0x00000000ebd80000)
 ParOldGen       total 44032K, used 0K [0x00000000c0000000, 0x00000000c2b00000, 0x00000000eab00000)
  object space 44032K, 0% used [0x00000000c0000000,0x00000000c0000000,0x00000000c2b00000)
 Metaspace       used 5648K, capacity 6768K, committed 7040K, reserved 1056768K
  class space    used 578K, capacity 616K, committed 640K, reserved 1048576K
Event: 3.652 GC heap after
Heap after GC invocations=1 (full 0):
 PSYoungGen      total 18944K, used 2531K [0x00000000eab00000, 0x00000000ec000000, 0x0000000100000000)
  eden space 16384K, 0% used [0x00000000eab00000,0x00000000eab00000,0x00000000ebb00000)
  from space 2560K, 98% used [0x00000000ebb00000,0x00000000ebd78e38,0x00000000ebd80000)
  to   space 2560K, 0% used [0x00000000ebd80000,0x00000000ebd80000,0x00000000ec000000)
 ParOldGen       total 44032K, used 1828K [0x00000000c0000000, 0x00000000c2b00000, 0x00000000eab00000)
  object space 44032K, 4% used [0x00000000c0000000,0x00000000c01c9138,0x00000000c2b00000)
 Metaspace       used 5648K, capacity 6768K, committed 7040K, reserved 1056768K
  class space    used 578K, capacity 616K, committed 640K, reserved 1048576K
}
Event: 4.871 GC heap before
{Heap before GC invocations=2 (full 0):
 PSYoungGen      total 18944K, used 18915K [0x00000000eab00000, 0x00000000ec000000, 0x0000000100000000)
  eden space 16384K, 100% used [0x00000000eab00000,0x00000000ebb00000,0x00000000ebb00000)
  from space 2560K, 98% used [0x00000000ebb00000,0x00000000ebd78e38,0x00000000ebd80000)
  to   space 2560K, 0% used [0x00000000ebd80000,0x00000000ebd80000,0x00000000ec000000)
 ParOldGen       total 44032K, used 1828K [0x00000000c0000000, 0x00000000c2b00000, 0x00000000eab00000)
  object space 44032K, 4% used [0x00000000c0000000,0x00000000c01c9138,0x00000000c2b00000)
 Metaspace       used 5806K, capacity 6832K, committed 7040K, reserved 1056768K
  class space    used 582K, capacity 616K, committed 640K, reserved 1048576K
Event: 4.910 GC heap after
Heap after GC invocations=2 (full 0):
 PSYoungGen      total 18944K, used 2558K [0x00000000eab00000, 0x00000000ed000000, 0x0000000100000000)
  eden space 16384K, 0% used [0x00000000eab00000,0x00000000eab00000,0x00000000ebb00000)
  from space 2560K, 99% used [0x00000000ebd80000,0x00000000ebfffa88,0x00000000ec000000)
  to   space 2560K, 0% used [0x00000000ebb00000,0x00000000ebb00000,0x00000000ebd80000)
 ParOldGen       total 44032K, used 4775K [0x00000000c0000000, 0x00000000c2b00000, 0x00000000eab00000)
  object space 44032K, 10% used [0x00000000c0000000,0x00000000c04a9ef0,0x00000000c2b00000)
 Metaspace       used 5806K, capacity 6832K, committed 7040K, reserved 1056768K
  class space    used 582K, capacity 616K, committed 640K, reserved 1048576K
}

Deoptimization events (10 events):
Event: 5.293 Thread 0x00000000163db000 Uncommon trap: reason=class_check action=maybe_recompile pc=0x0000000002775874 method=com.android.dx.ssa.SsaMethod.isRegALocal(Lcom/android/dx/rop/code/RegisterSpec;)Z @ 16
Event: 5.293 Thread 0x00000000163db000 Uncommon trap: reason=class_check action=maybe_recompile pc=0x0000000002775874 method=com.android.dx.ssa.SsaMethod.isRegALocal(Lcom/android/dx/rop/code/RegisterSpec;)Z @ 16
Event: 5.293 Thread 0x00000000163db000 Uncommon trap: reason=class_check action=maybe_recompile pc=0x0000000002775874 method=com.android.dx.ssa.SsaMethod.isRegALocal(Lcom/android/dx/rop/code/RegisterSpec;)Z @ 16
Event: 5.293 Thread 0x00000000163db000 Uncommon trap: reason=class_check action=maybe_recompile pc=0x0000000002775874 method=com.android.dx.ssa.SsaMethod.isRegALocal(Lcom/android/dx/rop/code/RegisterSpec;)Z @ 16
Event: 5.527 Thread 0x0000000002171000 Uncommon trap: reason=class_check action=maybe_recompile pc=0x00000000026dcdec method=com.android.dx.cf.code.BytecodeArray.parseInstruction(ILcom/android/dx/cf/code/BytecodeArray$Visitor;)I @ 1891
Event: 5.543 Thread 0x0000000002171000 Uncommon trap: reason=class_check action=maybe_recompile pc=0x000000000251a9b0 method=com.android.dx.rop.type.Type.equals(Ljava/lang/Object;)Z @ 8
Event: 5.550 Thread 0x0000000002171000 Uncommon trap: reason=class_check action=maybe_recompile pc=0x000000000251a9b0 method=com.android.dx.rop.type.Type.equals(Ljava/lang/Object;)Z @ 8
Event: 5.565 Thread 0x0000000002171000 Uncommon trap: reason=unreached action=reinterpret pc=0x000000000277af6c method=com.android.dx.ssa.SCCP.simulateBranch(Lcom/android/dx/ssa/SsaInsn;)V @ 132
Event: 5.570 Thread 0x0000000002171000 Uncommon trap: reason=unloaded action=reinterpret pc=0x0000000002761ff8 method=com.android.dx.ssa.LiteralOpUpgrader$1.visitNonMoveInsn(Lcom/android/dx/ssa/NormalSsaInsn;)V @ 72
Event: 5.572 Thread 0x0000000002171000 Uncommon trap: reason=unreached action=reinterpret pc=0x00000000025e28dc method=com.android.dx.ssa.SsaMethod.updateOneDefinition(Lcom/android/dx/ssa/SsaInsn;Lcom/android/dx/rop/code/RegisterSpec;)V @ 4

Internal exceptions (10 events):
Event: 2.910 Thread 0x00000000163d7000 Exception <a 'java/security/PrivilegedActionException'> (0x00000000eb30f1c8) thrown at [D:\re\workspace\8-2-build-windows-amd64-cygwin\jdk8u25\1677\hotspot\src\share\vm\prims\jvm.cpp, line 1312]
Event: 2.912 Thread 0x00000000163d7000 Exception <a 'java/security/PrivilegedActionException'> (0x00000000eb314658) thrown at [D:\re\workspace\8-2-build-windows-amd64-cygwin\jdk8u25\1677\hotspot\src\share\vm\prims\jvm.cpp, line 1312]
Event: 2.913 Thread 0x00000000163d7000 Exception <a 'java/security/PrivilegedActionException'> (0x00000000eb59df68) thrown at [D:\re\workspace\8-2-build-windows-amd64-cygwin\jdk8u25\1677\hotspot\src\share\vm\prims\jvm.cpp, line 1312]
Event: 2.914 Thread 0x0000000002171000 Exception <a 'java/security/PrivilegedActionException'> (0x00000000eb45d828) thrown at [D:\re\workspace\8-2-build-windows-amd64-cygwin\jdk8u25\1677\hotspot\src\share\vm\prims\jvm.cpp, line 1312]
Event: 2.914 Thread 0x00000000163d7000 Exception <a 'java/security/PrivilegedActionException'> (0x00000000eb5a1850) thrown at [D:\re\workspace\8-2-build-windows-amd64-cygwin\jdk8u25\1677\hotspot\src\share\vm\prims\jvm.cpp, line 1312]
Event: 2.964 Thread 0x00000000164f1000 Exception <a 'java/security/PrivilegedActionException'> (0x00000000eb65ec68) thrown at [D:\re\workspace\8-2-build-windows-amd64-cygwin\jdk8u25\1677\hotspot\src\share\vm\prims\jvm.cpp, line 1312]
Event: 3.990 Thread 0x0000000002171000 Exception <a 'java/security/PrivilegedActionException'> (0x00000000eb038b88) thrown at [D:\re\workspace\8-2-build-windows-amd64-cygwin\jdk8u25\1677\hotspot\src\share\vm\prims\jvm.cpp, line 1312]
Event: 3.991 Thread 0x0000000002171000 Exception <a 'java/security/PrivilegedActionException'> (0x00000000eb03c870) thrown at [D:\re\workspace\8-2-build-windows-amd64-cygwin\jdk8u25\1677\hotspot\src\share\vm\prims\jvm.cpp, line 1312]
Event: 4.929 Thread 0x0000000002171000 Exception <a 'java/security/PrivilegedActionException'> (0x00000000eadf1f78) thrown at [D:\re\workspace\8-2-build-windows-amd64-cygwin\jdk8u25\1677\hotspot\src\share\vm\prims\jvm.cpp, line 1312]
Event: 5.570 Thread 0x0000000002171000 Exception <a 'java/security/PrivilegedActionException'> (0x00000000eb6ac4a0) thrown at [D:\re\workspace\8-2-build-windows-amd64-cygwin\jdk8u25\1677\hotspot\src\share\vm\prims\jvm.cpp, line 1312]

Events (10 events):
Event: 5.565 Thread 0x0000000002171000 DEOPT PACKING pc=0x000000000277af6c sp=0x000000000206deb0
Event: 5.565 Thread 0x0000000002171000 DEOPT UNPACKING pc=0x00000000022b556a sp=0x000000000206de28 mode 2
Event: 5.570 Thread 0x0000000002171000 Uncommon trap: trap_request=0x0000004e fr.pc=0x0000000002761ff8
Event: 5.570 loading class com/android/dx/rop/code/RegOps
Event: 5.570 loading class com/android/dx/rop/code/RegOps done
Event: 5.571 Thread 0x0000000002171000 DEOPT PACKING pc=0x0000000002761ff8 sp=0x000000000206df10
Event: 5.571 Thread 0x0000000002171000 DEOPT UNPACKING pc=0x00000000022b556a sp=0x000000000206dea8 mode 2
Event: 5.572 Thread 0x0000000002171000 Uncommon trap: trap_request=0xffffffad fr.pc=0x00000000025e28dc
Event: 5.572 Thread 0x0000000002171000 DEOPT PACKING pc=0x00000000025e28dc sp=0x000000000206dd20
Event: 5.572 Thread 0x0000000002171000 DEOPT UNPACKING pc=0x00000000022b556a sp=0x000000000206dcc8 mode 2


Dynamic libraries:
0x00007ff678f10000 - 0x00007ff678f44000 	C:\Program Files\Java\jdk1.8.0_25\bin\java.exe
0x00007ffcd0290000 - 0x00007ffcd0451000 	C:\WINDOWS\SYSTEM32\ntdll.dll
0x00007ffcce980000 - 0x00007ffccea2d000 	C:\WINDOWS\system32\KERNEL32.DLL
0x00007ffccca40000 - 0x00007ffcccc28000 	C:\WINDOWS\system32\KERNELBASE.dll
0x00007ffcce6c0000 - 0x00007ffcce767000 	C:\WINDOWS\system32\ADVAPI32.dll
0x00007ffccd850000 - 0x00007ffccd8ed000 	C:\WINDOWS\system32\msvcrt.dll
0x00007ffccdcf0000 - 0x00007ffccdd4b000 	C:\WINDOWS\system32\sechost.dll
0x00007ffcce860000 - 0x00007ffcce97c000 	C:\WINDOWS\system32\RPCRT4.dll
0x00007ffccd6f0000 - 0x00007ffccd846000 	C:\WINDOWS\system32\USER32.dll
0x00007ffcce080000 - 0x00007ffcce206000 	C:\WINDOWS\system32\GDI32.dll
0x00007ffcbec90000 - 0x00007ffcbef04000 	C:\WINDOWS\WinSxS\amd64_microsoft.windows.common-controls_6595b64144ccf1df_6.0.10586.0_none_8c15ae12515e1c22\COMCTL32.dll
0x00007ffccd8f0000 - 0x00007ffccdb6d000 	C:\WINDOWS\system32\combase.dll
0x00007ffccd570000 - 0x00007ffccd5da000 	C:\WINDOWS\system32\bcryptPrimitives.dll
0x00007ffcce770000 - 0x00007ffcce7ab000 	C:\WINDOWS\system32\IMM32.DLL
0x0000000068c40000 - 0x0000000068d12000 	C:\Program Files\Java\jdk1.8.0_25\jre\bin\msvcr100.dll
0x0000000068270000 - 0x0000000068aca000 	C:\Program Files\Java\jdk1.8.0_25\jre\bin\server\jvm.dll
0x00007ffcce6a0000 - 0x00007ffcce6a8000 	C:\WINDOWS\system32\PSAPI.DLL
0x00007ffcbc260000 - 0x00007ffcbc269000 	C:\WINDOWS\SYSTEM32\WSOCK32.dll
0x00007ffcd0220000 - 0x00007ffcd028b000 	C:\WINDOWS\system32\WS2_32.dll
0x00007ffccb150000 - 0x00007ffccb173000 	C:\WINDOWS\SYSTEM32\WINMM.dll
0x00007ffccb0f0000 - 0x00007ffccb11c000 	C:\WINDOWS\SYSTEM32\WINMMBASE.dll
0x00007ffccc940000 - 0x00007ffccc983000 	C:\WINDOWS\system32\cfgmgr32.dll
0x0000000068260000 - 0x000000006826f000 	C:\Program Files\Java\jdk1.8.0_25\jre\bin\verify.dll
0x0000000068230000 - 0x0000000068258000 	C:\Program Files\Java\jdk1.8.0_25\jre\bin\java.dll
0x0000000068210000 - 0x0000000068226000 	C:\Program Files\Java\jdk1.8.0_25\jre\bin\zip.dll
0x00007ffccea30000 - 0x00007ffccff8c000 	C:\WINDOWS\system32\SHELL32.dll
0x00007ffccccf0000 - 0x00007ffccd335000 	C:\WINDOWS\system32\windows.storage.dll
0x00007ffcd0150000 - 0x00007ffcd01a2000 	C:\WINDOWS\system32\shlwapi.dll
0x00007ffccc920000 - 0x00007ffccc92f000 	C:\WINDOWS\system32\kernel.appcore.dll
0x00007ffcccc30000 - 0x00007ffcccce5000 	C:\WINDOWS\system32\shcore.dll
0x00007ffccc8d0000 - 0x00007ffccc91b000 	C:\WINDOWS\system32\powrprof.dll
0x00007ffccc8b0000 - 0x00007ffccc8c4000 	C:\WINDOWS\system32\profapi.dll
0x00007ffcc9b30000 - 0x00007ffcc9cbc000 	C:\WINDOWS\SYSTEM32\dbghelp.dll

VM Arguments:
jvm_args: -Djava.awt.headless=true -Xmx1024M -Dfile.encoding=windows-1252 -Duser.country=US -Duser.language=en -Duser.variant 
java_command: com.android.dx.command.Main --dex --force-jumbo --num-threads=4 --multi-dex --output C:\Users\Status\Documents\ECE420FinalProjectTake2\app\build\intermediates\transforms\dex\debug\folders\1000\5\slice_2 C:\Users\Status\Documents\ECE420FinalProjectTake2\app\build\intermediates\transforms\instantRunSlicer\debug\folders\1\5\slice_2
java_class_path (initial): C:\Users\Status\AppData\Local\Android\sdk\build-tools\23.0.3\lib\dx.jar
Launcher Type: SUN_STANDARD

Environment Variables:
PATH=C:\Python27\;C:\Python27\Scripts;C:\ProgramData\Oracle\Java\javapath;C:\Program Files\PROS\cli;%PROS_TOOLCHAIN%\bin;C:\WINDOWS\system32;C:\WINDOWS;C:\WINDOWS\System32\Wbem;C:\WINDOWS\System32\WindowsPowerShell\v1.0\;C:\Users\Status\Downloads\gcc-linaro-arm-linux-gnueabihf-4.8-2013.10_win32\gcc-linaro-arm-linux-gnueabihf-4.8-2013.10_win32\bin
USERNAME=Status
OS=Windows_NT
PROCESSOR_IDENTIFIER=Intel64 Family 6 Model 69 Stepping 1, GenuineIntel



---------------  S Y S T E M  ---------------

OS: Windows 8.1 , 64 bit Build 9600 

CPU:total 4 (2 cores per cpu, 2 threads per core) family 6 model 69 stepping 1, cmov, cx8, fxsr, mmx, sse, sse2, sse3, ssse3, sse4.1, sse4.2, popcnt, avx, avx2, aes, clmul, erms, lzcnt, ht, tsc, tscinvbit, bmi1, bmi2

Memory: 4k page, physical 4074848k(337936k free), swap 7455072k(4448k free)

vm_info: Java HotSpot(TM) 64-Bit Server VM (25.25-b02) for windows-amd64 JRE (1.8.0_25-b18), built on Oct  7 2014 14:25:37 by "java_re" with MS VC++ 10.0 (VS2010)

time: Tue Apr 19 20:42:20 2016
elapsed time: 6 seconds (0d 0h 0m 6s)

