#
# There is insufficient memory for the Java Runtime Environment to continue.
# Native memory allocation (malloc) failed to allocate 302976 bytes for Chunk::new
# Possible reasons:
#   The system is out of physical RAM or swap space
#   In 32 bit mode, the process size limit was hit
# Possible solutions:
#   Reduce memory load on the system
#   Increase physical memory or swap space
#   Check if swap backing store is full
#   Use 64 bit Java on a 64 bit OS
#   Decrease Java heap size (-Xmx/-Xms)
#   Decrease number of Java threads
#   Decrease Java thread stack sizes (-Xss)
#   Set larger code cache with -XX:ReservedCodeCacheSize=
# This output file may be truncated or incomplete.
#
#  Out of Memory Error (allocation.cpp:390), pid=10576, tid=6976
#
# JRE version: Java(TM) SE Runtime Environment (8.0_25-b18) (build 1.8.0_25-b18)
# Java VM: Java HotSpot(TM) 64-Bit Server VM (25.25-b02 mixed mode windows-amd64 compressed oops)
# Failed to write core dump. Minidumps are not enabled by default on client versions of Windows
#

---------------  T H R E A D  ---------------

Current thread (0x00000000149ec800):  JavaThread "C2 CompilerThread0" daemon [_thread_in_native, id=6976, stack(0x0000000015f60000,0x0000000016060000)]

Stack: [0x0000000015f60000,0x0000000016060000]
Native frames: (J=compiled Java code, j=interpreted, Vv=VM code, C=native code)
V  [jvm.dll+0x31667a]
V  [jvm.dll+0x267073]
V  [jvm.dll+0x267cb3]
V  [jvm.dll+0x25f5b5]
V  [jvm.dll+0xbf165]
V  [jvm.dll+0xbf60c]
V  [jvm.dll+0x45d672]
V  [jvm.dll+0x49e8ef]
V  [jvm.dll+0x452668]
V  [jvm.dll+0x453864]
V  [jvm.dll+0x437372]
V  [jvm.dll+0x98a02]
V  [jvm.dll+0x991f3]
V  [jvm.dll+0x22bde4]
V  [jvm.dll+0x2852fa]
C  [msvcr100.dll+0x21d9f]
C  [msvcr100.dll+0x21e3b]
C  [KERNEL32.DLL+0x18102]
C  [ntdll.dll+0x5c5b4]


Current CompileTask:
C2:   8081 1457       4       com.android.dx.dex.code.OutputFinisher::addConstants (93 bytes)


---------------  P R O C E S S  ---------------

Java Threads: ( => current thread )
  0x00000000165f6800 JavaThread "pool-1-thread-1" [_thread_in_vm, id=376, stack(0x0000000018530000,0x0000000018630000)]
  0x0000000014a4a000 JavaThread "Service Thread" daemon [_thread_blocked, id=15836, stack(0x0000000016260000,0x0000000016360000)]
  0x0000000014a43000 JavaThread "C1 CompilerThread2" daemon [_thread_blocked, id=8100, stack(0x0000000016160000,0x0000000016260000)]
  0x00000000149ef000 JavaThread "C2 CompilerThread1" daemon [_thread_blocked, id=8056, stack(0x0000000016060000,0x0000000016160000)]
=>0x00000000149ec800 JavaThread "C2 CompilerThread0" daemon [_thread_in_native, id=6976, stack(0x0000000015f60000,0x0000000016060000)]
  0x00000000149ea800 JavaThread "Attach Listener" daemon [_thread_blocked, id=5540, stack(0x0000000015e60000,0x0000000015f60000)]
  0x00000000149e9000 JavaThread "Signal Dispatcher" daemon [_thread_blocked, id=14948, stack(0x0000000015d60000,0x0000000015e60000)]
  0x0000000002316000 JavaThread "Finalizer" daemon [_thread_blocked, id=10920, stack(0x0000000015c60000,0x0000000015d60000)]
  0x000000000230d000 JavaThread "Reference Handler" daemon [_thread_blocked, id=14840, stack(0x0000000015b60000,0x0000000015c60000)]
  0x0000000002221000 JavaThread "main" [_thread_blocked, id=13028, stack(0x0000000002120000,0x0000000002220000)]

Other Threads:
  0x00000000149b6800 VMThread [stack: 0x0000000015a60000,0x0000000015b60000] [id=3592]
  0x0000000014a4d000 WatcherThread [stack: 0x0000000016360000,0x0000000016460000] [id=13412]

VM state:not at safepoint (normal execution)

VM Mutex/Monitor currently owned by a thread: None

Heap:
 PSYoungGen      total 35328K, used 30817K [0x00000000eab00000, 0x00000000ed000000, 0x0000000100000000)
  eden space 32768K, 86% used [0x00000000eab00000,0x00000000ec69c7a0,0x00000000ecb00000)
  from space 2560K, 99% used [0x00000000ecd80000,0x00000000ecffc038,0x00000000ed000000)
  to   space 2560K, 0% used [0x00000000ecb00000,0x00000000ecb00000,0x00000000ecd80000)
 ParOldGen       total 44032K, used 4370K [0x00000000c0000000, 0x00000000c2b00000, 0x00000000eab00000)
  object space 44032K, 9% used [0x00000000c0000000,0x00000000c0444900,0x00000000c2b00000)
 Metaspace       used 6238K, capacity 7152K, committed 7296K, reserved 1056768K
  class space    used 606K, capacity 616K, committed 640K, reserved 1048576K

Card table byte_map: [0x00000000116e0000,0x00000000118f0000] byte_map_base: 0x00000000110e0000

Marking Bits: (ParMarkBitMap*) 0x0000000068a4d490
 Begin Bits: [0x0000000011e50000, 0x0000000012e50000)
 End Bits:   [0x0000000012e50000, 0x0000000013e50000)

Polling page: 0x0000000000910000

CodeCache: size=245760Kb used=6409Kb max_used=6409Kb free=239350Kb
 bounds [0x0000000002320000, 0x0000000002970000, 0x0000000011320000]
 total_blobs=1921 nmethods=1657 adapters=178
 compilation: enabled

Compilation events (10 events):
Event: 7.653 Thread 0x0000000014a43000 nmethod 1454 0x00000000028d2c10 code [0x00000000028d2ea0, 0x00000000028d4028]
Event: 7.653 Thread 0x00000000149ec800 1456       4       java.util.TreeMap::getEntry (84 bytes)
Event: 7.654 Thread 0x0000000014a43000 1458  s    3       com.android.dx.dex.file.StringIdsSection::intern (53 bytes)
Event: 7.655 Thread 0x0000000014a43000 nmethod 1458 0x00000000028d47d0 code [0x00000000028d49a0, 0x00000000028d52d8]
Event: 7.656 Thread 0x00000000149ec800 nmethod 1456 0x00000000028cc690 code [0x00000000028cc7e0, 0x00000000028cc938]
Event: 7.656 Thread 0x00000000149ec800 1457       4       com.android.dx.dex.code.OutputFinisher::addConstants (93 bytes)
Event: 7.658 Thread 0x0000000014a43000 1461  s    3       com.android.dx.dex.file.TypeIdsSection::intern (60 bytes)
Event: 7.659 Thread 0x0000000014a43000 nmethod 1461 0x00000000028d6f50 code [0x00000000028d7160, 0x00000000028d7da8]
Event: 7.665 Thread 0x00000000149ef000 nmethod 1455 0x00000000028da2d0 code [0x00000000028da480, 0x00000000028dac90]
Event: 7.665 Thread 0x00000000149ef000 1460       4       com.android.dx.dex.code.OutputFinisher::addConstants (68 bytes)

GC Heap History (4 events):
Event: 3.408 GC heap before
{Heap before GC invocations=1 (full 0):
 PSYoungGen      total 18944K, used 16384K [0x00000000eab00000, 0x00000000ec000000, 0x0000000100000000)
  eden space 16384K, 100% used [0x00000000eab00000,0x00000000ebb00000,0x00000000ebb00000)
  from space 2560K, 0% used [0x00000000ebd80000,0x00000000ebd80000,0x00000000ec000000)
  to   space 2560K, 0% used [0x00000000ebb00000,0x00000000ebb00000,0x00000000ebd80000)
 ParOldGen       total 44032K, used 0K [0x00000000c0000000, 0x00000000c2b00000, 0x00000000eab00000)
  object space 44032K, 0% used [0x00000000c0000000,0x00000000c0000000,0x00000000c2b00000)
 Metaspace       used 5695K, capacity 6768K, committed 7040K, reserved 1056768K
  class space    used 583K, capacity 616K, committed 640K, reserved 1048576K
Event: 3.603 GC heap after
Heap after GC invocations=1 (full 0):
 PSYoungGen      total 18944K, used 2538K [0x00000000eab00000, 0x00000000ed000000, 0x0000000100000000)
  eden space 16384K, 0% used [0x00000000eab00000,0x00000000eab00000,0x00000000ebb00000)
  from space 2560K, 99% used [0x00000000ebb00000,0x00000000ebd7aaa8,0x00000000ebd80000)
  to   space 2560K, 0% used [0x00000000ecd80000,0x00000000ecd80000,0x00000000ed000000)
 ParOldGen       total 44032K, used 1771K [0x00000000c0000000, 0x00000000c2b00000, 0x00000000eab00000)
  object space 44032K, 4% used [0x00000000c0000000,0x00000000c01baee8,0x00000000c2b00000)
 Metaspace       used 5695K, capacity 6768K, committed 7040K, reserved 1056768K
  class space    used 583K, capacity 616K, committed 640K, reserved 1048576K
}
Event: 5.005 GC heap before
{Heap before GC invocations=2 (full 0):
 PSYoungGen      total 18944K, used 18922K [0x00000000eab00000, 0x00000000ed000000, 0x0000000100000000)
  eden space 16384K, 100% used [0x00000000eab00000,0x00000000ebb00000,0x00000000ebb00000)
  from space 2560K, 99% used [0x00000000ebb00000,0x00000000ebd7aaa8,0x00000000ebd80000)
  to   space 2560K, 0% used [0x00000000ecd80000,0x00000000ecd80000,0x00000000ed000000)
 ParOldGen       total 44032K, used 1771K [0x00000000c0000000, 0x00000000c2b00000, 0x00000000eab00000)
  object space 44032K, 4% used [0x00000000c0000000,0x00000000c01baee8,0x00000000c2b00000)
 Metaspace       used 5890K, capacity 6896K, committed 7040K, reserved 1056768K
  class space    used 585K, capacity 616K, committed 640K, reserved 1048576K
Event: 5.639 GC heap after
Heap after GC invocations=2 (full 0):
 PSYoungGen      total 35328K, used 2544K [0x00000000eab00000, 0x00000000ed000000, 0x0000000100000000)
  eden space 32768K, 0% used [0x00000000eab00000,0x00000000eab00000,0x00000000ecb00000)
  from space 2560K, 99% used [0x00000000ecd80000,0x00000000ecffc038,0x00000000ed000000)
  to   space 2560K, 0% used [0x00000000ecb00000,0x00000000ecb00000,0x00000000ecd80000)
 ParOldGen       total 44032K, used 4370K [0x00000000c0000000, 0x00000000c2b00000, 0x00000000eab00000)
  object space 44032K, 9% used [0x00000000c0000000,0x00000000c0444900,0x00000000c2b00000)
 Metaspace       used 5890K, capacity 6896K, committed 7040K, reserved 1056768K
  class space    used 585K, capacity 616K, committed 640K, reserved 1048576K
}

Deoptimization events (10 events):
Event: 7.334 Thread 0x00000000165e9000 Uncommon trap: reason=bimorphic action=maybe_recompile pc=0x00000000027fc968 method=com.android.dx.cf.code.BytecodeArray.parseInstruction(ILcom/android/dx/cf/code/BytecodeArray$Visitor;)I @ 2281
Event: 7.336 Thread 0x00000000165e9000 Uncommon trap: reason=bimorphic action=maybe_recompile pc=0x00000000027fc968 method=com.android.dx.cf.code.BytecodeArray.parseInstruction(ILcom/android/dx/cf/code/BytecodeArray$Visitor;)I @ 2281
Event: 7.525 Thread 0x00000000165f6800 Uncommon trap: reason=class_check action=maybe_recompile pc=0x0000000002755d60 method=java.util.Arrays.hashCode([Ljava/lang/Object;)I @ 43
Event: 7.525 Thread 0x00000000165f6800 Uncommon trap: reason=class_check action=maybe_recompile pc=0x0000000002755d60 method=java.util.Arrays.hashCode([Ljava/lang/Object;)I @ 43
Event: 7.526 Thread 0x00000000165f6800 Uncommon trap: reason=class_check action=maybe_recompile pc=0x0000000002755d60 method=java.util.Arrays.hashCode([Ljava/lang/Object;)I @ 43
Event: 7.526 Thread 0x00000000165f6800 Uncommon trap: reason=class_check action=maybe_recompile pc=0x0000000002755d60 method=java.util.Arrays.hashCode([Ljava/lang/Object;)I @ 43
Event: 7.527 Thread 0x00000000165f6800 Uncommon trap: reason=class_check action=maybe_recompile pc=0x0000000002758740 method=java.util.Arrays.hashCode([Ljava/lang/Object;)I @ 43
Event: 7.647 Thread 0x00000000165f6800 Uncommon trap: reason=class_check action=maybe_recompile pc=0x0000000002732098 method=java.util.HashMap.putVal(ILjava/lang/Object;Ljava/lang/Object;ZZ)Ljava/lang/Object; @ 203
Event: 7.652 Thread 0x00000000165f6800 Uncommon trap: reason=class_check action=maybe_recompile pc=0x0000000002732098 method=java.util.HashMap.putVal(ILjava/lang/Object;Ljava/lang/Object;ZZ)Ljava/lang/Object; @ 203
Event: 7.652 Thread 0x00000000165f6800 Uncommon trap: reason=class_check action=maybe_recompile pc=0x0000000002732098 method=java.util.HashMap.putVal(ILjava/lang/Object;Ljava/lang/Object;ZZ)Ljava/lang/Object; @ 203

Internal exceptions (10 events):
Event: 2.830 Thread 0x00000000165e9800 Exception <a 'java/security/PrivilegedActionException'> (0x00000000eb55b3f8) thrown at [D:\re\workspace\8-2-build-windows-amd64-cygwin\jdk8u25\1677\hotspot\src\share\vm\prims\jvm.cpp, line 1312]
Event: 2.867 Thread 0x00000000165df800 Exception <a 'java/security/PrivilegedActionException'> (0x00000000eb5a63c0) thrown at [D:\re\workspace\8-2-build-windows-amd64-cygwin\jdk8u25\1677\hotspot\src\share\vm\prims\jvm.cpp, line 1312]
Event: 2.887 Thread 0x00000000165df800 Exception <a 'java/security/PrivilegedActionException'> (0x00000000eb734e78) thrown at [D:\re\workspace\8-2-build-windows-amd64-cygwin\jdk8u25\1677\hotspot\src\share\vm\prims\jvm.cpp, line 1312]
Event: 4.793 Thread 0x00000000165f6800 Implicit null exception at 0x0000000002694b9c to 0x0000000002697045
Event: 6.894 Thread 0x00000000165e9800 Exception <a 'java/security/PrivilegedActionException'> (0x00000000ebf84e08) thrown at [D:\re\workspace\8-2-build-windows-amd64-cygwin\jdk8u25\1677\hotspot\src\share\vm\prims\jvm.cpp, line 1312]
Event: 6.898 Thread 0x0000000002221000 Exception <a 'java/security/PrivilegedActionException'> (0x00000000eb0b6ad8) thrown at [D:\re\workspace\8-2-build-windows-amd64-cygwin\jdk8u25\1677\hotspot\src\share\vm\prims\jvm.cpp, line 1312]
Event: 6.901 Thread 0x0000000002221000 Exception <a 'java/security/PrivilegedActionException'> (0x00000000eb0c10a8) thrown at [D:\re\workspace\8-2-build-windows-amd64-cygwin\jdk8u25\1677\hotspot\src\share\vm\prims\jvm.cpp, line 1312]
Event: 6.901 Thread 0x0000000002221000 Exception <a 'java/security/PrivilegedActionException'> (0x00000000eb0c3620) thrown at [D:\re\workspace\8-2-build-windows-amd64-cygwin\jdk8u25\1677\hotspot\src\share\vm\prims\jvm.cpp, line 1312]
Event: 7.433 Thread 0x0000000002221000 Exception <a 'java/security/PrivilegedActionException'> (0x00000000eb0c6758) thrown at [D:\re\workspace\8-2-build-windows-amd64-cygwin\jdk8u25\1677\hotspot\src\share\vm\prims\jvm.cpp, line 1312]
Event: 7.533 Thread 0x00000000165f6800 Exception <a 'java/security/PrivilegedActionException'> (0x00000000ec4b58a8) thrown at [D:\re\workspace\8-2-build-windows-amd64-cygwin\jdk8u25\1677\hotspot\src\share\vm\prims\jvm.cpp, line 1312]

Events (10 events):
Event: 7.533 loading class com/android/dx/dex/file/CatchStructs done
Event: 7.647 Thread 0x00000000165f6800 Uncommon trap: trap_request=0xffffffde fr.pc=0x0000000002732098
Event: 7.647 Thread 0x00000000165f6800 DEOPT PACKING pc=0x0000000002732098 sp=0x000000001862e940
Event: 7.647 Thread 0x00000000165f6800 DEOPT UNPACKING pc=0x000000000236556a sp=0x000000001862e8b8 mode 2
Event: 7.652 Thread 0x00000000165f6800 Uncommon trap: trap_request=0xffffffde fr.pc=0x0000000002732098
Event: 7.652 Thread 0x00000000165f6800 DEOPT PACKING pc=0x0000000002732098 sp=0x000000001862e840
Event: 7.652 Thread 0x00000000165f6800 DEOPT UNPACKING pc=0x000000000236556a sp=0x000000001862e7b8 mode 2
Event: 7.652 Thread 0x00000000165f6800 Uncommon trap: trap_request=0xffffffde fr.pc=0x0000000002732098
Event: 7.652 Thread 0x00000000165f6800 DEOPT PACKING pc=0x0000000002732098 sp=0x000000001862e840
Event: 7.652 Thread 0x00000000165f6800 DEOPT UNPACKING pc=0x000000000236556a sp=0x000000001862e7b8 mode 2


Dynamic libraries:
0x00007ff678f10000 - 0x00007ff678f44000 	C:\Program Files\Java\jdk1.8.0_25\bin\java.exe
0x00007ffcd0290000 - 0x00007ffcd0451000 	C:\WINDOWS\SYSTEM32\ntdll.dll
0x00007ffcce980000 - 0x00007ffccea2d000 	C:\WINDOWS\system32\KERNEL32.DLL
0x00007ffccca40000 - 0x00007ffcccc28000 	C:\WINDOWS\system32\KERNELBASE.dll
0x00007ffcce6c0000 - 0x00007ffcce767000 	C:\WINDOWS\system32\ADVAPI32.dll
0x00007ffccd850000 - 0x00007ffccd8ed000 	C:\WINDOWS\system32\msvcrt.dll
0x00007ffccdcf0000 - 0x00007ffccdd4b000 	C:\WINDOWS\system32\sechost.dll
0x00007ffcce860000 - 0x00007ffcce97c000 	C:\WINDOWS\system32\RPCRT4.dll
0x00007ffccd6f0000 - 0x00007ffccd846000 	C:\WINDOWS\system32\USER32.dll
0x00007ffcce080000 - 0x00007ffcce206000 	C:\WINDOWS\system32\GDI32.dll
0x00007ffcbec90000 - 0x00007ffcbef04000 	C:\WINDOWS\WinSxS\amd64_microsoft.windows.common-controls_6595b64144ccf1df_6.0.10586.0_none_8c15ae12515e1c22\COMCTL32.dll
0x00007ffccd8f0000 - 0x00007ffccdb6d000 	C:\WINDOWS\system32\combase.dll
0x00007ffccd570000 - 0x00007ffccd5da000 	C:\WINDOWS\system32\bcryptPrimitives.dll
0x00007ffcce770000 - 0x00007ffcce7ab000 	C:\WINDOWS\system32\IMM32.DLL
0x0000000068c40000 - 0x0000000068d12000 	C:\Program Files\Java\jdk1.8.0_25\jre\bin\msvcr100.dll
0x0000000068270000 - 0x0000000068aca000 	C:\Program Files\Java\jdk1.8.0_25\jre\bin\server\jvm.dll
0x00007ffcce6a0000 - 0x00007ffcce6a8000 	C:\WINDOWS\system32\PSAPI.DLL
0x00007ffcbc260000 - 0x00007ffcbc269000 	C:\WINDOWS\SYSTEM32\WSOCK32.dll
0x00007ffccb150000 - 0x00007ffccb173000 	C:\WINDOWS\SYSTEM32\WINMM.dll
0x00007ffcd0220000 - 0x00007ffcd028b000 	C:\WINDOWS\system32\WS2_32.dll
0x00007ffccb0f0000 - 0x00007ffccb11c000 	C:\WINDOWS\SYSTEM32\WINMMBASE.dll
0x00007ffccc940000 - 0x00007ffccc983000 	C:\WINDOWS\system32\cfgmgr32.dll
0x0000000068260000 - 0x000000006826f000 	C:\Program Files\Java\jdk1.8.0_25\jre\bin\verify.dll
0x0000000068230000 - 0x0000000068258000 	C:\Program Files\Java\jdk1.8.0_25\jre\bin\java.dll
0x0000000068210000 - 0x0000000068226000 	C:\Program Files\Java\jdk1.8.0_25\jre\bin\zip.dll
0x00007ffccea30000 - 0x00007ffccff8c000 	C:\WINDOWS\system32\SHELL32.dll
0x00007ffccccf0000 - 0x00007ffccd335000 	C:\WINDOWS\system32\windows.storage.dll
0x00007ffcd0150000 - 0x00007ffcd01a2000 	C:\WINDOWS\system32\shlwapi.dll
0x00007ffccc920000 - 0x00007ffccc92f000 	C:\WINDOWS\system32\kernel.appcore.dll
0x00007ffcccc30000 - 0x00007ffcccce5000 	C:\WINDOWS\system32\shcore.dll
0x00007ffccc8d0000 - 0x00007ffccc91b000 	C:\WINDOWS\system32\powrprof.dll
0x00007ffccc8b0000 - 0x00007ffccc8c4000 	C:\WINDOWS\system32\profapi.dll
0x00007ffcc9b30000 - 0x00007ffcc9cbc000 	C:\WINDOWS\SYSTEM32\dbghelp.dll

VM Arguments:
jvm_args: -Djava.awt.headless=true -Xmx1024M -Dfile.encoding=windows-1252 -Duser.country=US -Duser.language=en -Duser.variant 
java_command: com.android.dx.command.Main --dex --force-jumbo --num-threads=4 --multi-dex --output C:\Users\Status\Documents\ECE420FinalProjectTake2\app\build\intermediates\transforms\dex\debug\folders\1000\10\instant-run_72477310f70a8314ea0315e948a77599a8ea7940 C:\Users\Status\Documents\ECE420FinalProjectTake2\app\build\intermediates\incremental-runtime-classes\debug\instant-run.jar
java_class_path (initial): C:\Users\Status\AppData\Local\Android\sdk\build-tools\23.0.3\lib\dx.jar
Launcher Type: SUN_STANDARD

Environment Variables:
PATH=C:\Python27\;C:\Python27\Scripts;C:\ProgramData\Oracle\Java\javapath;C:\Program Files\PROS\cli;%PROS_TOOLCHAIN%\bin;C:\WINDOWS\system32;C:\WINDOWS;C:\WINDOWS\System32\Wbem;C:\WINDOWS\System32\WindowsPowerShell\v1.0\;C:\Users\Status\Downloads\gcc-linaro-arm-linux-gnueabihf-4.8-2013.10_win32\gcc-linaro-arm-linux-gnueabihf-4.8-2013.10_win32\bin
USERNAME=Status
OS=Windows_NT
PROCESSOR_IDENTIFIER=Intel64 Family 6 Model 69 Stepping 1, GenuineIntel



---------------  S Y S T E M  ---------------

OS: Windows 8.1 , 64 bit Build 9600 

CPU:total 4 (2 cores per cpu, 2 threads per core) family 6 model 69 stepping 1, cmov, cx8, fxsr, mmx, sse, sse2, sse3, ssse3, sse4.1, sse4.2, popcnt, avx, avx2, aes, clmul, erms, lzcnt, ht, tsc, tscinvbit, bmi1, bmi2

Memory: 4k page, physical 4074848k(498756k free), swap 7455072k(343932k free)

vm_info: Java HotSpot(TM) 64-Bit Server VM (25.25-b02) for windows-amd64 JRE (1.8.0_25-b18), built on Oct  7 2014 14:25:37 by "java_re" with MS VC++ 10.0 (VS2010)

time: Tue Apr 19 20:42:07 2016
elapsed time: 8 seconds (0d 0h 0m 8s)

