#
# There is insufficient memory for the Java Runtime Environment to continue.
# Native memory allocation (malloc) failed to allocate 53296 bytes for Chunk::new
# Possible reasons:
#   The system is out of physical RAM or swap space
#   In 32 bit mode, the process size limit was hit
# Possible solutions:
#   Reduce memory load on the system
#   Increase physical memory or swap space
#   Check if swap backing store is full
#   Use 64 bit Java on a 64 bit OS
#   Decrease Java heap size (-Xmx/-Xms)
#   Decrease number of Java threads
#   Decrease Java thread stack sizes (-Xss)
#   Set larger code cache with -XX:ReservedCodeCacheSize=
# This output file may be truncated or incomplete.
#
#  Out of Memory Error (allocation.cpp:390), pid=2340, tid=8008
#
# JRE version: Java(TM) SE Runtime Environment (8.0_25-b18) (build 1.8.0_25-b18)
# Java VM: Java HotSpot(TM) 64-Bit Server VM (25.25-b02 mixed mode windows-amd64 compressed oops)
# Failed to write core dump. Minidumps are not enabled by default on client versions of Windows
#

---------------  T H R E A D  ---------------

Current thread (0x00000000149df000):  JavaThread "C2 CompilerThread1" daemon [_thread_in_native, id=8008, stack(0x0000000016060000,0x0000000016160000)]

Stack: [0x0000000016060000,0x0000000016160000]
Native frames: (J=compiled Java code, j=interpreted, Vv=VM code, C=native code)
V  [jvm.dll+0x31667a]


Current CompileTask:
C2:   6411 1188       4       com.android.dx.dex.code.LocalList$MakeState::snapshot (110 bytes)


---------------  P R O C E S S  ---------------

Java Threads: ( => current thread )
  0x00000000163b8800 JavaThread "pool-1-thread-1" [_thread_in_vm, id=9056, stack(0x0000000018330000,0x0000000018430000)]
  0x0000000014a3e000 JavaThread "Service Thread" daemon [_thread_blocked, id=7556, stack(0x0000000016660000,0x0000000016760000)]
  0x0000000014a3b000 JavaThread "C1 CompilerThread2" daemon [_thread_blocked, id=12652, stack(0x0000000016160000,0x0000000016260000)]
=>0x00000000149df000 JavaThread "C2 CompilerThread1" daemon [_thread_in_native, id=8008, stack(0x0000000016060000,0x0000000016160000)]
  0x00000000149dc800 JavaThread "C2 CompilerThread0" daemon [_thread_blocked, id=15544, stack(0x0000000015f60000,0x0000000016060000)]
  0x00000000149da800 JavaThread "Attach Listener" daemon [_thread_blocked, id=15364, stack(0x0000000015e60000,0x0000000015f60000)]
  0x00000000149d9000 JavaThread "Signal Dispatcher" daemon [_thread_blocked, id=13436, stack(0x0000000015d60000,0x0000000015e60000)]
  0x0000000002300800 JavaThread "Finalizer" daemon [_thread_blocked, id=4604, stack(0x0000000015c60000,0x0000000015d60000)]
  0x00000000022fd000 JavaThread "Reference Handler" daemon [_thread_blocked, id=7424, stack(0x0000000015b60000,0x0000000015c60000)]
  0x0000000002211000 JavaThread "main" [_thread_blocked, id=5784, stack(0x0000000001f70000,0x0000000002070000)]

Other Threads:
  0x00000000149a6800 VMThread [stack: 0x0000000015a60000,0x0000000015b60000] [id=7952]
  0x0000000016266000 WatcherThread [stack: 0x0000000016760000,0x0000000016860000] [id=14532]

VM state:not at safepoint (normal execution)

VM Mutex/Monitor currently owned by a thread: None

Heap:
 PSYoungGen      total 18944K, used 9131K [0x00000000eab00000, 0x00000000ec000000, 0x0000000100000000)
  eden space 16384K, 40% used [0x00000000eab00000,0x00000000eb16fa10,0x00000000ebb00000)
  from space 2560K, 99% used [0x00000000ebb00000,0x00000000ebd7b250,0x00000000ebd80000)
  to   space 2560K, 0% used [0x00000000ebd80000,0x00000000ebd80000,0x00000000ec000000)
 ParOldGen       total 44032K, used 1417K [0x00000000c0000000, 0x00000000c2b00000, 0x00000000eab00000)
  object space 44032K, 3% used [0x00000000c0000000,0x00000000c0162760,0x00000000c2b00000)
 Metaspace       used 5931K, capacity 6896K, committed 7040K, reserved 1056768K
  class space    used 595K, capacity 616K, committed 640K, reserved 1048576K

Card table byte_map: [0x00000000116d0000,0x00000000118e0000] byte_map_base: 0x00000000110d0000

Marking Bits: (ParMarkBitMap*) 0x0000000068a4d490
 Begin Bits: [0x0000000011e40000, 0x0000000012e40000)
 End Bits:   [0x0000000012e40000, 0x0000000013e40000)

Polling page: 0x0000000000510000

CodeCache: size=245760Kb used=4595Kb max_used=4599Kb free=241164Kb
 bounds [0x0000000002310000, 0x00000000027a0000, 0x0000000011310000]
 total_blobs=1463 nmethods=1200 adapters=177
 compilation: enabled

Compilation events (10 events):
Event: 6.390 Thread 0x0000000014a3b000 1191       3       com.android.dx.dex.code.TargetInsn::hasTargetOffset (23 bytes)
Event: 6.390 Thread 0x0000000014a3b000 nmethod 1191 0x0000000002788a90 code [0x0000000002788c00, 0x0000000002789070]
Event: 6.390 Thread 0x0000000014a3b000 1192       3       com.android.dx.dex.code.TargetInsn::getTargetOffset (13 bytes)
Event: 6.390 Thread 0x0000000014a3b000 nmethod 1192 0x0000000002788290 code [0x0000000002788420, 0x00000000027888f8]
Event: 6.391 Thread 0x00000000149dc800 nmethod 1190 0x0000000002786a90 code [0x0000000002786be0, 0x0000000002786c98]
Event: 6.392 Thread 0x0000000014a3b000 1193       3       com.android.dx.dex.code.form.Form11x::isCompatible (40 bytes)
Event: 6.392 Thread 0x0000000014a3b000 nmethod 1193 0x0000000002787690 code [0x0000000002787840, 0x00000000027880a8]
Event: 6.392 Thread 0x0000000014a3b000 1194       3       com.android.dx.dex.code.form.Form11x::codeSize (2 bytes)
Event: 6.393 Thread 0x0000000014a3b000 nmethod 1194 0x0000000002786750 code [0x00000000027868a0, 0x00000000027869f0]
Event: 6.395 Thread 0x0000000014a3b000 1195       3       com.android.dx.dex.code.LocalList$MakeState::startLocal (266 bytes)

GC Heap History (2 events):
Event: 2.868 GC heap before
{Heap before GC invocations=1 (full 0):
 PSYoungGen      total 18944K, used 16384K [0x00000000eab00000, 0x00000000ec000000, 0x0000000100000000)
  eden space 16384K, 100% used [0x00000000eab00000,0x00000000ebb00000,0x00000000ebb00000)
  from space 2560K, 0% used [0x00000000ebd80000,0x00000000ebd80000,0x00000000ec000000)
  to   space 2560K, 0% used [0x00000000ebb00000,0x00000000ebb00000,0x00000000ebd80000)
 ParOldGen       total 44032K, used 0K [0x00000000c0000000, 0x00000000c2b00000, 0x00000000eab00000)
  object space 44032K, 0% used [0x00000000c0000000,0x00000000c0000000,0x00000000c2b00000)
 Metaspace       used 5704K, capacity 6768K, committed 7040K, reserved 1056768K
  class space    used 580K, capacity 616K, committed 640K, reserved 1048576K
Event: 2.875 GC heap after
Heap after GC invocations=1 (full 0):
 PSYoungGen      total 18944K, used 2540K [0x00000000eab00000, 0x00000000ec000000, 0x0000000100000000)
  eden space 16384K, 0% used [0x00000000eab00000,0x00000000eab00000,0x00000000ebb00000)
  from space 2560K, 99% used [0x00000000ebb00000,0x00000000ebd7b250,0x00000000ebd80000)
  to   space 2560K, 0% used [0x00000000ebd80000,0x00000000ebd80000,0x00000000ec000000)
 ParOldGen       total 44032K, used 1417K [0x00000000c0000000, 0x00000000c2b00000, 0x00000000eab00000)
  object space 44032K, 3% used [0x00000000c0000000,0x00000000c0162760,0x00000000c2b00000)
 Metaspace       used 5704K, capacity 6768K, committed 7040K, reserved 1056768K
  class space    used 580K, capacity 616K, committed 640K, reserved 1048576K
}

Deoptimization events (10 events):
Event: 6.050 Thread 0x00000000163b8800 Uncommon trap: reason=class_check action=maybe_recompile pc=0x0000000002726364 method=java.util.Arrays.hashCode([Ljava/lang/Object;)I @ 43
Event: 6.051 Thread 0x00000000163b8800 Uncommon trap: reason=class_check action=maybe_recompile pc=0x0000000002726364 method=java.util.Arrays.hashCode([Ljava/lang/Object;)I @ 43
Event: 6.052 Thread 0x00000000163b8800 Uncommon trap: reason=class_check action=maybe_recompile pc=0x0000000002725d88 method=java.util.Arrays.hashCode([Ljava/lang/Object;)I @ 43
Event: 6.054 Thread 0x00000000163b8800 Uncommon trap: reason=bimorphic action=maybe_recompile pc=0x00000000025544b8 method=java.util.HashMap.getNode(ILjava/lang/Object;)Ljava/util/HashMap$Node; @ 126
Event: 6.071 Thread 0x00000000163b8800 Uncommon trap: reason=class_check action=maybe_recompile pc=0x00000000026f3220 method=java.util.HashMap.putVal(ILjava/lang/Object;Ljava/lang/Object;ZZ)Ljava/lang/Object; @ 203
Event: 6.071 Thread 0x00000000163b8800 Uncommon trap: reason=class_check action=maybe_recompile pc=0x00000000026f3220 method=java.util.HashMap.putVal(ILjava/lang/Object;Ljava/lang/Object;ZZ)Ljava/lang/Object; @ 203
Event: 6.072 Thread 0x00000000163b8800 Uncommon trap: reason=class_check action=maybe_recompile pc=0x00000000026f3220 method=java.util.HashMap.putVal(ILjava/lang/Object;Ljava/lang/Object;ZZ)Ljava/lang/Object; @ 203
Event: 6.072 Thread 0x00000000163b8800 Uncommon trap: reason=class_check action=maybe_recompile pc=0x00000000026f3220 method=java.util.HashMap.putVal(ILjava/lang/Object;Ljava/lang/Object;ZZ)Ljava/lang/Object; @ 203
Event: 6.115 Thread 0x00000000163b8800 Uncommon trap: reason=class_check action=maybe_recompile pc=0x000000000275550c method=java.util.HashMap.putVal(ILjava/lang/Object;Ljava/lang/Object;ZZ)Ljava/lang/Object; @ 203
Event: 6.130 Thread 0x00000000163b8800 Uncommon trap: reason=bimorphic action=maybe_recompile pc=0x00000000025544b8 method=java.util.HashMap.getNode(ILjava/lang/Object;)Ljava/util/HashMap$Node; @ 126

Internal exceptions (10 events):
Event: 6.134 Thread 0x00000000163b8800 Exception <a 'java/security/PrivilegedActionException'> (0x00000000eb0f8cf0) thrown at [D:\re\workspace\8-2-build-windows-amd64-cygwin\jdk8u25\1677\hotspot\src\share\vm\prims\jvm.cpp, line 1312]
Event: 6.136 Thread 0x00000000163b8800 Exception <a 'java/security/PrivilegedActionException'> (0x00000000eb0fb9a0) thrown at [D:\re\workspace\8-2-build-windows-amd64-cygwin\jdk8u25\1677\hotspot\src\share\vm\prims\jvm.cpp, line 1312]
Event: 6.139 Thread 0x00000000163b8800 Exception <a 'java/security/PrivilegedActionException'> (0x00000000eb101308) thrown at [D:\re\workspace\8-2-build-windows-amd64-cygwin\jdk8u25\1677\hotspot\src\share\vm\prims\jvm.cpp, line 1312]
Event: 6.140 Thread 0x00000000163b8800 Exception <a 'java/security/PrivilegedActionException'> (0x00000000eb104940) thrown at [D:\re\workspace\8-2-build-windows-amd64-cygwin\jdk8u25\1677\hotspot\src\share\vm\prims\jvm.cpp, line 1312]
Event: 6.141 Thread 0x00000000163b8800 Exception <a 'java/security/PrivilegedActionException'> (0x00000000eb107580) thrown at [D:\re\workspace\8-2-build-windows-amd64-cygwin\jdk8u25\1677\hotspot\src\share\vm\prims\jvm.cpp, line 1312]
Event: 6.142 Thread 0x00000000163b8800 Exception <a 'java/security/PrivilegedActionException'> (0x00000000eb10c838) thrown at [D:\re\workspace\8-2-build-windows-amd64-cygwin\jdk8u25\1677\hotspot\src\share\vm\prims\jvm.cpp, line 1312]
Event: 6.143 Thread 0x00000000163b8800 Exception <a 'java/security/PrivilegedActionException'> (0x00000000eb113010) thrown at [D:\re\workspace\8-2-build-windows-amd64-cygwin\jdk8u25\1677\hotspot\src\share\vm\prims\jvm.cpp, line 1312]
Event: 6.143 Thread 0x00000000163b8800 Exception <a 'java/security/PrivilegedActionException'> (0x00000000eb116048) thrown at [D:\re\workspace\8-2-build-windows-amd64-cygwin\jdk8u25\1677\hotspot\src\share\vm\prims\jvm.cpp, line 1312]
Event: 6.145 Thread 0x00000000163b8800 Exception <a 'java/security/PrivilegedActionException'> (0x00000000eb11b298) thrown at [D:\re\workspace\8-2-build-windows-amd64-cygwin\jdk8u25\1677\hotspot\src\share\vm\prims\jvm.cpp, line 1312]
Event: 6.146 Thread 0x00000000163b8800 Exception <a 'java/security/PrivilegedActionException'> (0x00000000eb11fa20) thrown at [D:\re\workspace\8-2-build-windows-amd64-cygwin\jdk8u25\1677\hotspot\src\share\vm\prims\jvm.cpp, line 1312]

Events (10 events):
Event: 6.142 loading class com/android/dx/dex/code/LocalList$MakeState
Event: 6.142 loading class com/android/dx/dex/code/LocalList$MakeState done
Event: 6.142 loading class com/android/dx/dex/code/LocalList$Disposition
Event: 6.143 loading class com/android/dx/dex/code/LocalList$Disposition done
Event: 6.143 loading class com/android/dx/dex/code/LocalList$Entry
Event: 6.143 loading class com/android/dx/dex/code/LocalList$Entry done
Event: 6.145 loading class com/android/dx/dex/code/CatchHandlerList
Event: 6.145 loading class com/android/dx/dex/code/CatchHandlerList done
Event: 6.146 loading class com/android/dx/dex/code/CatchTable
Event: 6.146 loading class com/android/dx/dex/code/CatchTable done


Dynamic libraries:
0x00007ff678f10000 - 0x00007ff678f44000 	C:\Program Files\Java\jdk1.8.0_25\bin\java.exe
0x00007ffcd0290000 - 0x00007ffcd0451000 	C:\WINDOWS\SYSTEM32\ntdll.dll
0x00007ffcce980000 - 0x00007ffccea2d000 	C:\WINDOWS\system32\KERNEL32.DLL
0x00007ffccca40000 - 0x00007ffcccc28000 	C:\WINDOWS\system32\KERNELBASE.dll
0x00007ffcce6c0000 - 0x00007ffcce767000 	C:\WINDOWS\system32\ADVAPI32.dll
0x00007ffccd850000 - 0x00007ffccd8ed000 	C:\WINDOWS\system32\msvcrt.dll
0x00007ffccdcf0000 - 0x00007ffccdd4b000 	C:\WINDOWS\system32\sechost.dll
0x00007ffcce860000 - 0x00007ffcce97c000 	C:\WINDOWS\system32\RPCRT4.dll
0x00007ffccd6f0000 - 0x00007ffccd846000 	C:\WINDOWS\system32\USER32.dll
0x00007ffcce080000 - 0x00007ffcce206000 	C:\WINDOWS\system32\GDI32.dll
0x00007ffcbec90000 - 0x00007ffcbef04000 	C:\WINDOWS\WinSxS\amd64_microsoft.windows.common-controls_6595b64144ccf1df_6.0.10586.0_none_8c15ae12515e1c22\COMCTL32.dll
0x00007ffccd8f0000 - 0x00007ffccdb6d000 	C:\WINDOWS\system32\combase.dll
0x00007ffccd570000 - 0x00007ffccd5da000 	C:\WINDOWS\system32\bcryptPrimitives.dll
0x00007ffcce770000 - 0x00007ffcce7ab000 	C:\WINDOWS\system32\IMM32.DLL
0x0000000068c40000 - 0x0000000068d12000 	C:\Program Files\Java\jdk1.8.0_25\jre\bin\msvcr100.dll
0x0000000068270000 - 0x0000000068aca000 	C:\Program Files\Java\jdk1.8.0_25\jre\bin\server\jvm.dll
0x00007ffcce6a0000 - 0x00007ffcce6a8000 	C:\WINDOWS\system32\PSAPI.DLL
0x00007ffcbc260000 - 0x00007ffcbc269000 	C:\WINDOWS\SYSTEM32\WSOCK32.dll
0x00007ffcd0220000 - 0x00007ffcd028b000 	C:\WINDOWS\system32\WS2_32.dll
0x00007ffccb150000 - 0x00007ffccb173000 	C:\WINDOWS\SYSTEM32\WINMM.dll
0x00007ffccb0f0000 - 0x00007ffccb11c000 	C:\WINDOWS\SYSTEM32\WINMMBASE.dll
0x00007ffccc940000 - 0x00007ffccc983000 	C:\WINDOWS\system32\cfgmgr32.dll
0x0000000068260000 - 0x000000006826f000 	C:\Program Files\Java\jdk1.8.0_25\jre\bin\verify.dll
0x0000000068230000 - 0x0000000068258000 	C:\Program Files\Java\jdk1.8.0_25\jre\bin\java.dll
0x0000000068210000 - 0x0000000068226000 	C:\Program Files\Java\jdk1.8.0_25\jre\bin\zip.dll
0x00007ffccea30000 - 0x00007ffccff8c000 	C:\WINDOWS\system32\SHELL32.dll
0x00007ffccccf0000 - 0x00007ffccd335000 	C:\WINDOWS\system32\windows.storage.dll
0x00007ffcd0150000 - 0x00007ffcd01a2000 	C:\WINDOWS\system32\shlwapi.dll
0x00007ffccc920000 - 0x00007ffccc92f000 	C:\WINDOWS\system32\kernel.appcore.dll
0x00007ffcccc30000 - 0x00007ffcccce5000 	C:\WINDOWS\system32\shcore.dll
0x00007ffccc8d0000 - 0x00007ffccc91b000 	C:\WINDOWS\system32\powrprof.dll
0x00007ffccc8b0000 - 0x00007ffccc8c4000 	C:\WINDOWS\system32\profapi.dll
0x00007ffcc9b30000 - 0x00007ffcc9cbc000 	C:\WINDOWS\SYSTEM32\dbghelp.dll

VM Arguments:
jvm_args: -Djava.awt.headless=true -Xmx1024M -Dfile.encoding=windows-1252 -Duser.country=US -Duser.language=en -Duser.variant 
java_command: com.android.dx.command.Main --dex --force-jumbo --num-threads=4 --multi-dex --output C:\Users\Status\Documents\ECE420FinalProjectTake2\app\build\intermediates\transforms\dex\debug\folders\1000\5\slice_0 C:\Users\Status\Documents\ECE420FinalProjectTake2\app\build\intermediates\transforms\instantRunSlicer\debug\folders\1\5\slice_0
java_class_path (initial): C:\Users\Status\AppData\Local\Android\sdk\build-tools\23.0.3\lib\dx.jar
Launcher Type: SUN_STANDARD

Environment Variables:
PATH=C:\Python27\;C:\Python27\Scripts;C:\ProgramData\Oracle\Java\javapath;C:\Program Files\PROS\cli;%PROS_TOOLCHAIN%\bin;C:\WINDOWS\system32;C:\WINDOWS;C:\WINDOWS\System32\Wbem;C:\WINDOWS\System32\WindowsPowerShell\v1.0\;C:\Users\Status\Downloads\gcc-linaro-arm-linux-gnueabihf-4.8-2013.10_win32\gcc-linaro-arm-linux-gnueabihf-4.8-2013.10_win32\bin
USERNAME=Status
OS=Windows_NT
PROCESSOR_IDENTIFIER=Intel64 Family 6 Model 69 Stepping 1, GenuineIntel



---------------  S Y S T E M  ---------------

OS: Windows 8.1 , 64 bit Build 9600 

CPU:total 4 (2 cores per cpu, 2 threads per core) family 6 model 69 stepping 1, cmov, cx8, fxsr, mmx, sse, sse2, sse3, ssse3, sse4.1, sse4.2, popcnt, avx, avx2, aes, clmul, erms, lzcnt, ht, tsc, tscinvbit, bmi1, bmi2

Memory: 4k page, physical 4074848k(329716k free), swap 7455072k(2340k free)

vm_info: Java HotSpot(TM) 64-Bit Server VM (25.25-b02) for windows-amd64 JRE (1.8.0_25-b18), built on Oct  7 2014 14:25:37 by "java_re" with MS VC++ 10.0 (VS2010)

time: Tue Apr 19 20:42:20 2016
elapsed time: 6 seconds (0d 0h 0m 6s)

